27-Oct-2025 21:45:24.139 INFO [main] org.apache.catalina.startup.VersionLoggerListener.log Server version name:   Apache Tomcat/10.1.47
27-Oct-2025 21:45:24.149 INFO [main] org.apache.catalina.startup.VersionLoggerListener.log Server built:          Oct 2 2025 12:03:51 UTC
27-Oct-2025 21:45:24.150 INFO [main] org.apache.catalina.startup.VersionLoggerListener.log Server version number: 10.1.47.0
27-Oct-2025 21:45:24.150 INFO [main] org.apache.catalina.startup.VersionLoggerListener.log OS Name:               Windows 11
27-Oct-2025 21:45:24.150 INFO [main] org.apache.catalina.startup.VersionLoggerListener.log OS Version:            10.0
27-Oct-2025 21:45:24.150 INFO [main] org.apache.catalina.startup.VersionLoggerListener.log Architecture:          amd64
27-Oct-2025 21:45:24.151 INFO [main] org.apache.catalina.startup.VersionLoggerListener.log Java Home:             C:\Program Files\Java\jdk-17
27-Oct-2025 21:45:24.151 INFO [main] org.apache.catalina.startup.VersionLoggerListener.log JVM Version:           17.0.12+8-LTS-286
27-Oct-2025 21:45:24.151 INFO [main] org.apache.catalina.startup.VersionLoggerListener.log JVM Vendor:            Oracle Corporation
27-Oct-2025 21:45:24.152 INFO [main] org.apache.catalina.startup.VersionLoggerListener.log CATALINA_BASE:         E:\SWP391_MMO_Project\MMO_Trader_Market
27-Oct-2025 21:45:24.152 INFO [main] org.apache.catalina.startup.VersionLoggerListener.log CATALINA_HOME:         C:\Users\Admin\Desktop\apache-tomcat-10.1.47-windows-x64\apache-tomcat-10.1.47
27-Oct-2025 21:45:24.176 INFO [main] org.apache.catalina.startup.VersionLoggerListener.log Command line argument: --add-opens=java.base/java.lang=ALL-UNNAMED
27-Oct-2025 21:45:24.177 INFO [main] org.apache.catalina.startup.VersionLoggerListener.log Command line argument: --add-opens=java.base/java.io=ALL-UNNAMED
27-Oct-2025 21:45:24.177 INFO [main] org.apache.catalina.startup.VersionLoggerListener.log Command line argument: --add-opens=java.base/java.util=ALL-UNNAMED
27-Oct-2025 21:45:24.177 INFO [main] org.apache.catalina.startup.VersionLoggerListener.log Command line argument: --add-opens=java.base/java.util.concurrent=ALL-UNNAMED
27-Oct-2025 21:45:24.177 INFO [main] org.apache.catalina.startup.VersionLoggerListener.log Command line argument: --add-opens=java.rmi/sun.rmi.transport=ALL-UNNAMED
27-Oct-2025 21:45:24.177 INFO [main] org.apache.catalina.startup.VersionLoggerListener.log Command line argument: -Dcatalina.home=C:\Users\Admin\Desktop\apache-tomcat-10.1.47-windows-x64\apache-tomcat-10.1.47
27-Oct-2025 21:45:24.177 INFO [main] org.apache.catalina.startup.VersionLoggerListener.log Command line argument: -Dcatalina.base=E:\SWP391_MMO_Project\MMO_Trader_Market
27-Oct-2025 21:45:24.178 INFO [main] org.apache.catalina.startup.VersionLoggerListener.log Command line argument: -Djava.io.tmpdir=E:\SWP391_MMO_Project\MMO_Trader_Market\temp
27-Oct-2025 21:45:24.178 INFO [main] org.apache.catalina.startup.VersionLoggerListener.log Command line argument: -Djava.util.logging.config.file=E:\SWP391_MMO_Project\MMO_Trader_Market\conf\logging.properties
27-Oct-2025 21:45:24.178 INFO [main] org.apache.catalina.startup.VersionLoggerListener.log Command line argument: -Djava.util.logging.manager=org.apache.juli.ClassLoaderLogManager
27-Oct-2025 21:45:24.178 INFO [main] org.apache.catalina.startup.VersionLoggerListener.log Command line argument: -javaagent:C:\Program Files\JetBrains\IntelliJ IDEA 2025.2.3\lib\idea_rt.jar=49838
27-Oct-2025 21:45:24.178 INFO [main] org.apache.catalina.startup.VersionLoggerListener.log Command line argument: -Dfile.encoding=UTF-8
27-Oct-2025 21:45:24.185 INFO [main] org.apache.catalina.core.AprLifecycleListener.lifecycleEvent Loaded Apache Tomcat Native library [2.0.9] using APR version [1.7.6].
27-Oct-2025 21:45:24.191 INFO [main] org.apache.catalina.core.AprLifecycleListener.initializeSSL OpenSSL successfully initialized [OpenSSL 3.5.0 8 Apr 2025]
27-Oct-2025 21:45:24.671 INFO [main] org.apache.coyote.AbstractProtocol.init Initializing ProtocolHandler ["http-nio-9999"]
27-Oct-2025 21:45:24.696 INFO [main] org.apache.catalina.startup.Catalina.load Server initialization in [790] milliseconds
27-Oct-2025 21:45:24.758 INFO [main] org.apache.catalina.core.StandardService.startInternal Starting service [Catalina]
27-Oct-2025 21:45:24.759 INFO [main] org.apache.catalina.core.StandardEngine.startInternal Starting Servlet engine: [Apache Tomcat/10.1.47]
27-Oct-2025 21:45:24.770 INFO [main] org.apache.catalina.startup.HostConfig.deployDescriptor Deploying deployment descriptor [E:\SWP391_MMO_Project\MMO_Trader_Market\conf\Catalina\localhost\SWP391_MMO_Project.xml]
27-Oct-2025 21:45:24.821 WARNING [main] org.apache.catalina.startup.HostConfig.deployDescriptor The path attribute with value [/MMO_Trader_Market] in deployment descriptor [E:\SWP391_MMO_Project\MMO_Trader_Market\conf\Catalina\localhost\SWP391_MMO_Project.xml] has been ignored
27-Oct-2025 21:45:26.656 INFO [main] org.apache.jasper.servlet.TldScanner.scanJars At least one JAR was scanned for TLDs yet contained no TLDs. Enable debug logging for this logger for a complete list of JARs that were scanned but no TLDs were found in them. Skipping unneeded JARs during scanning can improve startup time and JSP compilation time.
27-Oct-2025 21:45:26.797 INFO [main] org.apache.catalina.startup.HostConfig.deployDescriptor Deployment of deployment descriptor [E:\SWP391_MMO_Project\MMO_Trader_Market\conf\Catalina\localhost\SWP391_MMO_Project.xml] has finished in [2,027] ms
27-Oct-2025 21:45:26.801 INFO [main] org.apache.coyote.AbstractProtocol.start Starting ProtocolHandler ["http-nio-9999"]
27-Oct-2025 21:45:26.849 INFO [main] org.apache.catalina.startup.Catalina.start Server startup in [2152] milliseconds
27-Oct-2025 21:47:26.861 INFO [Thread-1] org.apache.coyote.AbstractProtocol.pause Pausing ProtocolHandler ["http-nio-9999"]
27-Oct-2025 21:47:27.017 INFO [Thread-1] org.apache.catalina.core.StandardService.stopInternal Stopping service [Catalina]
27-Oct-2025 21:47:27.026 WARNING [Thread-1] org.apache.catalina.loader.WebappClassLoaderBase.clearReferencesJdbc The web application [SWP391_MMO_Project] registered the JDBC driver [com.mysql.cj.jdbc.Driver] but failed to unregister it when the web application was stopped. To prevent a memory leak, the JDBC Driver has been forcibly unregistered.
27-Oct-2025 21:47:27.031 INFO [Thread-1] org.apache.coyote.AbstractProtocol.stop Stopping ProtocolHandler ["http-nio-9999"]
27-Oct-2025 21:47:27.048 INFO [Thread-1] org.apache.coyote.AbstractProtocol.destroy Destroying ProtocolHandler ["http-nio-9999"]
27-Oct-2025 21:47:29.464 INFO [main] org.apache.catalina.startup.VersionLoggerListener.log Server version name:   Apache Tomcat/10.1.47
27-Oct-2025 21:47:29.469 INFO [main] org.apache.catalina.startup.VersionLoggerListener.log Server built:          Oct 2 2025 12:03:51 UTC
27-Oct-2025 21:47:29.469 INFO [main] org.apache.catalina.startup.VersionLoggerListener.log Server version number: 10.1.47.0
27-Oct-2025 21:47:29.469 INFO [main] org.apache.catalina.startup.VersionLoggerListener.log OS Name:               Windows 11
27-Oct-2025 21:47:29.469 INFO [main] org.apache.catalina.startup.VersionLoggerListener.log OS Version:            10.0
27-Oct-2025 21:47:29.470 INFO [main] org.apache.catalina.startup.VersionLoggerListener.log Architecture:          amd64
27-Oct-2025 21:47:29.470 INFO [main] org.apache.catalina.startup.VersionLoggerListener.log Java Home:             C:\Program Files\Java\jdk-17
27-Oct-2025 21:47:29.471 INFO [main] org.apache.catalina.startup.VersionLoggerListener.log JVM Version:           17.0.12+8-LTS-286
27-Oct-2025 21:47:29.471 INFO [main] org.apache.catalina.startup.VersionLoggerListener.log JVM Vendor:            Oracle Corporation
27-Oct-2025 21:47:29.471 INFO [main] org.apache.catalina.startup.VersionLoggerListener.log CATALINA_BASE:         E:\SWP391_MMO_Project\MMO_Trader_Market
27-Oct-2025 21:47:29.471 INFO [main] org.apache.catalina.startup.VersionLoggerListener.log CATALINA_HOME:         C:\Users\Admin\Desktop\apache-tomcat-10.1.47-windows-x64\apache-tomcat-10.1.47
27-Oct-2025 21:47:29.478 INFO [main] org.apache.catalina.startup.VersionLoggerListener.log Command line argument: --add-opens=java.base/java.lang=ALL-UNNAMED
27-Oct-2025 21:47:29.479 INFO [main] org.apache.catalina.startup.VersionLoggerListener.log Command line argument: --add-opens=java.base/java.io=ALL-UNNAMED
27-Oct-2025 21:47:29.479 INFO [main] org.apache.catalina.startup.VersionLoggerListener.log Command line argument: --add-opens=java.base/java.util=ALL-UNNAMED
27-Oct-2025 21:47:29.479 INFO [main] org.apache.catalina.startup.VersionLoggerListener.log Command line argument: --add-opens=java.base/java.util.concurrent=ALL-UNNAMED
27-Oct-2025 21:47:29.479 INFO [main] org.apache.catalina.startup.VersionLoggerListener.log Command line argument: --add-opens=java.rmi/sun.rmi.transport=ALL-UNNAMED
27-Oct-2025 21:47:29.480 INFO [main] org.apache.catalina.startup.VersionLoggerListener.log Command line argument: -Dcatalina.home=C:\Users\Admin\Desktop\apache-tomcat-10.1.47-windows-x64\apache-tomcat-10.1.47
27-Oct-2025 21:47:29.480 INFO [main] org.apache.catalina.startup.VersionLoggerListener.log Command line argument: -Dcatalina.base=E:\SWP391_MMO_Project\MMO_Trader_Market
27-Oct-2025 21:47:29.480 INFO [main] org.apache.catalina.startup.VersionLoggerListener.log Command line argument: -Djava.io.tmpdir=E:\SWP391_MMO_Project\MMO_Trader_Market\temp
27-Oct-2025 21:47:29.480 INFO [main] org.apache.catalina.startup.VersionLoggerListener.log Command line argument: -Djava.util.logging.config.file=E:\SWP391_MMO_Project\MMO_Trader_Market\conf\logging.properties
27-Oct-2025 21:47:29.480 INFO [main] org.apache.catalina.startup.VersionLoggerListener.log Command line argument: -Djava.util.logging.manager=org.apache.juli.ClassLoaderLogManager
27-Oct-2025 21:47:29.481 INFO [main] org.apache.catalina.startup.VersionLoggerListener.log Command line argument: -javaagent:C:\Program Files\JetBrains\IntelliJ IDEA 2025.2.3\lib\idea_rt.jar=62673
27-Oct-2025 21:47:29.481 INFO [main] org.apache.catalina.startup.VersionLoggerListener.log Command line argument: -Dfile.encoding=UTF-8
27-Oct-2025 21:47:29.483 INFO [main] org.apache.catalina.core.AprLifecycleListener.lifecycleEvent Loaded Apache Tomcat Native library [2.0.9] using APR version [1.7.6].
27-Oct-2025 21:47:29.489 INFO [main] org.apache.catalina.core.AprLifecycleListener.initializeSSL OpenSSL successfully initialized [OpenSSL 3.5.0 8 Apr 2025]
27-Oct-2025 21:47:29.941 INFO [main] org.apache.coyote.AbstractProtocol.init Initializing ProtocolHandler ["http-nio-9999"]
27-Oct-2025 21:47:29.963 INFO [main] org.apache.catalina.startup.Catalina.load Server initialization in [691] milliseconds
27-Oct-2025 21:47:30.001 INFO [main] org.apache.catalina.core.StandardService.startInternal Starting service [Catalina]
27-Oct-2025 21:47:30.002 INFO [main] org.apache.catalina.core.StandardEngine.startInternal Starting Servlet engine: [Apache Tomcat/10.1.47]
27-Oct-2025 21:47:30.013 INFO [main] org.apache.catalina.startup.HostConfig.deployDescriptor Deploying deployment descriptor [E:\SWP391_MMO_Project\MMO_Trader_Market\conf\Catalina\localhost\SWP391_MMO_Project.xml]
27-Oct-2025 21:47:30.041 WARNING [main] org.apache.catalina.startup.HostConfig.deployDescriptor The path attribute with value [/MMO_Trader_Market] in deployment descriptor [E:\SWP391_MMO_Project\MMO_Trader_Market\conf\Catalina\localhost\SWP391_MMO_Project.xml] has been ignored
27-Oct-2025 21:47:31.628 INFO [main] org.apache.jasper.servlet.TldScanner.scanJars At least one JAR was scanned for TLDs yet contained no TLDs. Enable debug logging for this logger for a complete list of JARs that were scanned but no TLDs were found in them. Skipping unneeded JARs during scanning can improve startup time and JSP compilation time.
27-Oct-2025 21:47:31.769 INFO [main] org.apache.catalina.startup.HostConfig.deployDescriptor Deployment of deployment descriptor [E:\SWP391_MMO_Project\MMO_Trader_Market\conf\Catalina\localhost\SWP391_MMO_Project.xml] has finished in [1,756] ms
27-Oct-2025 21:47:31.774 INFO [main] org.apache.coyote.AbstractProtocol.start Starting ProtocolHandler ["http-nio-9999"]
27-Oct-2025 21:47:31.823 INFO [main] org.apache.catalina.startup.Catalina.start Server startup in [1860] milliseconds
27-Oct-2025 21:56:45.088 INFO [Thread-1] org.apache.coyote.AbstractProtocol.pause Pausing ProtocolHandler ["http-nio-9999"]
27-Oct-2025 21:56:45.228 INFO [Thread-1] org.apache.catalina.core.StandardService.stopInternal Stopping service [Catalina]
27-Oct-2025 21:56:45.237 WARNING [Thread-1] org.apache.catalina.loader.WebappClassLoaderBase.clearReferencesJdbc The web application [SWP391_MMO_Project] registered the JDBC driver [com.mysql.cj.jdbc.Driver] but failed to unregister it when the web application was stopped. To prevent a memory leak, the JDBC Driver has been forcibly unregistered.
27-Oct-2025 21:56:45.240 INFO [Thread-1] org.apache.coyote.AbstractProtocol.stop Stopping ProtocolHandler ["http-nio-9999"]
27-Oct-2025 21:56:45.260 INFO [Thread-1] org.apache.coyote.AbstractProtocol.destroy Destroying ProtocolHandler ["http-nio-9999"]
27-Oct-2025 21:56:47.244 INFO [main] org.apache.catalina.startup.VersionLoggerListener.log Server version name:   Apache Tomcat/10.1.47
27-Oct-2025 21:56:47.249 INFO [main] org.apache.catalina.startup.VersionLoggerListener.log Server built:          Oct 2 2025 12:03:51 UTC
27-Oct-2025 21:56:47.250 INFO [main] org.apache.catalina.startup.VersionLoggerListener.log Server version number: 10.1.47.0
27-Oct-2025 21:56:47.250 INFO [main] org.apache.catalina.startup.VersionLoggerListener.log OS Name:               Windows 11
27-Oct-2025 21:56:47.250 INFO [main] org.apache.catalina.startup.VersionLoggerListener.log OS Version:            10.0
27-Oct-2025 21:56:47.250 INFO [main] org.apache.catalina.startup.VersionLoggerListener.log Architecture:          amd64
27-Oct-2025 21:56:47.250 INFO [main] org.apache.catalina.startup.VersionLoggerListener.log Java Home:             C:\Program Files\Java\jdk-17
27-Oct-2025 21:56:47.250 INFO [main] org.apache.catalina.startup.VersionLoggerListener.log JVM Version:           17.0.12+8-LTS-286
27-Oct-2025 21:56:47.250 INFO [main] org.apache.catalina.startup.VersionLoggerListener.log JVM Vendor:            Oracle Corporation
27-Oct-2025 21:56:47.250 INFO [main] org.apache.catalina.startup.VersionLoggerListener.log CATALINA_BASE:         E:\SWP391_MMO_Project\MMO_Trader_Market
27-Oct-2025 21:56:47.250 INFO [main] org.apache.catalina.startup.VersionLoggerListener.log CATALINA_HOME:         C:\Users\Admin\Desktop\apache-tomcat-10.1.47-windows-x64\apache-tomcat-10.1.47
27-Oct-2025 21:56:47.256 INFO [main] org.apache.catalina.startup.VersionLoggerListener.log Command line argument: --add-opens=java.base/java.lang=ALL-UNNAMED
27-Oct-2025 21:56:47.256 INFO [main] org.apache.catalina.startup.VersionLoggerListener.log Command line argument: --add-opens=java.base/java.io=ALL-UNNAMED
27-Oct-2025 21:56:47.256 INFO [main] org.apache.catalina.startup.VersionLoggerListener.log Command line argument: --add-opens=java.base/java.util=ALL-UNNAMED
27-Oct-2025 21:56:47.256 INFO [main] org.apache.catalina.startup.VersionLoggerListener.log Command line argument: --add-opens=java.base/java.util.concurrent=ALL-UNNAMED
27-Oct-2025 21:56:47.256 INFO [main] org.apache.catalina.startup.VersionLoggerListener.log Command line argument: --add-opens=java.rmi/sun.rmi.transport=ALL-UNNAMED
27-Oct-2025 21:56:47.256 INFO [main] org.apache.catalina.startup.VersionLoggerListener.log Command line argument: -Dcatalina.home=C:\Users\Admin\Desktop\apache-tomcat-10.1.47-windows-x64\apache-tomcat-10.1.47
27-Oct-2025 21:56:47.256 INFO [main] org.apache.catalina.startup.VersionLoggerListener.log Command line argument: -Dcatalina.base=E:\SWP391_MMO_Project\MMO_Trader_Market
27-Oct-2025 21:56:47.257 INFO [main] org.apache.catalina.startup.VersionLoggerListener.log Command line argument: -Djava.io.tmpdir=E:\SWP391_MMO_Project\MMO_Trader_Market\temp
27-Oct-2025 21:56:47.257 INFO [main] org.apache.catalina.startup.VersionLoggerListener.log Command line argument: -Djava.util.logging.config.file=E:\SWP391_MMO_Project\MMO_Trader_Market\conf\logging.properties
27-Oct-2025 21:56:47.257 INFO [main] org.apache.catalina.startup.VersionLoggerListener.log Command line argument: -Djava.util.logging.manager=org.apache.juli.ClassLoaderLogManager
27-Oct-2025 21:56:47.257 INFO [main] org.apache.catalina.startup.VersionLoggerListener.log Command line argument: -javaagent:C:\Program Files\JetBrains\IntelliJ IDEA 2025.2.3\lib\idea_rt.jar=50181
27-Oct-2025 21:56:47.258 INFO [main] org.apache.catalina.startup.VersionLoggerListener.log Command line argument: -Dfile.encoding=UTF-8
27-Oct-2025 21:56:47.260 INFO [main] org.apache.catalina.core.AprLifecycleListener.lifecycleEvent Loaded Apache Tomcat Native library [2.0.9] using APR version [1.7.6].
27-Oct-2025 21:56:47.264 INFO [main] org.apache.catalina.core.AprLifecycleListener.initializeSSL OpenSSL successfully initialized [OpenSSL 3.5.0 8 Apr 2025]
27-Oct-2025 21:56:47.563 INFO [main] org.apache.coyote.AbstractProtocol.init Initializing ProtocolHandler ["http-nio-9999"]
27-Oct-2025 21:56:47.581 INFO [main] org.apache.catalina.startup.Catalina.load Server initialization in [490] milliseconds
27-Oct-2025 21:56:47.622 INFO [main] org.apache.catalina.core.StandardService.startInternal Starting service [Catalina]
27-Oct-2025 21:56:47.622 INFO [main] org.apache.catalina.core.StandardEngine.startInternal Starting Servlet engine: [Apache Tomcat/10.1.47]
27-Oct-2025 21:56:47.635 INFO [main] org.apache.catalina.startup.HostConfig.deployDescriptor Deploying deployment descriptor [E:\SWP391_MMO_Project\MMO_Trader_Market\conf\Catalina\localhost\SWP391_MMO_Project.xml]
27-Oct-2025 21:56:47.657 WARNING [main] org.apache.catalina.startup.HostConfig.deployDescriptor The path attribute with value [/MMO_Trader_Market] in deployment descriptor [E:\SWP391_MMO_Project\MMO_Trader_Market\conf\Catalina\localhost\SWP391_MMO_Project.xml] has been ignored
27-Oct-2025 21:56:49.018 INFO [main] org.apache.jasper.servlet.TldScanner.scanJars At least one JAR was scanned for TLDs yet contained no TLDs. Enable debug logging for this logger for a complete list of JARs that were scanned but no TLDs were found in them. Skipping unneeded JARs during scanning can improve startup time and JSP compilation time.
27-Oct-2025 21:56:49.145 INFO [main] org.apache.catalina.startup.HostConfig.deployDescriptor Deployment of deployment descriptor [E:\SWP391_MMO_Project\MMO_Trader_Market\conf\Catalina\localhost\SWP391_MMO_Project.xml] has finished in [1,509] ms
27-Oct-2025 21:56:49.148 INFO [main] org.apache.coyote.AbstractProtocol.start Starting ProtocolHandler ["http-nio-9999"]
27-Oct-2025 21:56:49.194 INFO [main] org.apache.catalina.startup.Catalina.start Server startup in [1612] milliseconds
27-Oct-2025 21:58:43.584 INFO [Thread-1] org.apache.coyote.AbstractProtocol.pause Pausing ProtocolHandler ["http-nio-9999"]
27-Oct-2025 21:58:43.724 INFO [Thread-1] org.apache.catalina.core.StandardService.stopInternal Stopping service [Catalina]
27-Oct-2025 21:58:43.732 WARNING [Thread-1] org.apache.catalina.loader.WebappClassLoaderBase.clearReferencesJdbc The web application [SWP391_MMO_Project] registered the JDBC driver [com.mysql.cj.jdbc.Driver] but failed to unregister it when the web application was stopped. To prevent a memory leak, the JDBC Driver has been forcibly unregistered.
27-Oct-2025 21:58:43.735 INFO [Thread-1] org.apache.coyote.AbstractProtocol.stop Stopping ProtocolHandler ["http-nio-9999"]
27-Oct-2025 21:58:43.753 INFO [Thread-1] org.apache.coyote.AbstractProtocol.destroy Destroying ProtocolHandler ["http-nio-9999"]
27-Oct-2025 22:02:49.678 INFO [main] org.apache.catalina.startup.VersionLoggerListener.log Server version name:   Apache Tomcat/10.1.47
27-Oct-2025 22:02:49.684 INFO [main] org.apache.catalina.startup.VersionLoggerListener.log Server built:          Oct 2 2025 12:03:51 UTC
27-Oct-2025 22:02:49.685 INFO [main] org.apache.catalina.startup.VersionLoggerListener.log Server version number: 10.1.47.0
27-Oct-2025 22:02:49.685 INFO [main] org.apache.catalina.startup.VersionLoggerListener.log OS Name:               Windows 11
27-Oct-2025 22:02:49.685 INFO [main] org.apache.catalina.startup.VersionLoggerListener.log OS Version:            10.0
27-Oct-2025 22:02:49.685 INFO [main] org.apache.catalina.startup.VersionLoggerListener.log Architecture:          amd64
27-Oct-2025 22:02:49.685 INFO [main] org.apache.catalina.startup.VersionLoggerListener.log Java Home:             C:\Program Files\Java\jdk-17
27-Oct-2025 22:02:49.685 INFO [main] org.apache.catalina.startup.VersionLoggerListener.log JVM Version:           17.0.12+8-LTS-286
27-Oct-2025 22:02:49.685 INFO [main] org.apache.catalina.startup.VersionLoggerListener.log JVM Vendor:            Oracle Corporation
27-Oct-2025 22:02:49.685 INFO [main] org.apache.catalina.startup.VersionLoggerListener.log CATALINA_BASE:         E:\SWP391_MMO_Project\MMO_Trader_Market
27-Oct-2025 22:02:49.685 INFO [main] org.apache.catalina.startup.VersionLoggerListener.log CATALINA_HOME:         C:\Users\Admin\Desktop\apache-tomcat-10.1.47-windows-x64\apache-tomcat-10.1.47
27-Oct-2025 22:02:49.693 INFO [main] org.apache.catalina.startup.VersionLoggerListener.log Command line argument: --add-opens=java.base/java.lang=ALL-UNNAMED
27-Oct-2025 22:02:49.693 INFO [main] org.apache.catalina.startup.VersionLoggerListener.log Command line argument: --add-opens=java.base/java.io=ALL-UNNAMED
27-Oct-2025 22:02:49.693 INFO [main] org.apache.catalina.startup.VersionLoggerListener.log Command line argument: --add-opens=java.base/java.util=ALL-UNNAMED
27-Oct-2025 22:02:49.694 INFO [main] org.apache.catalina.startup.VersionLoggerListener.log Command line argument: --add-opens=java.base/java.util.concurrent=ALL-UNNAMED
27-Oct-2025 22:02:49.694 INFO [main] org.apache.catalina.startup.VersionLoggerListener.log Command line argument: --add-opens=java.rmi/sun.rmi.transport=ALL-UNNAMED
27-Oct-2025 22:02:49.694 INFO [main] org.apache.catalina.startup.VersionLoggerListener.log Command line argument: -Dcatalina.home=C:\Users\Admin\Desktop\apache-tomcat-10.1.47-windows-x64\apache-tomcat-10.1.47
27-Oct-2025 22:02:49.694 INFO [main] org.apache.catalina.startup.VersionLoggerListener.log Command line argument: -Dcatalina.base=E:\SWP391_MMO_Project\MMO_Trader_Market
27-Oct-2025 22:02:49.695 INFO [main] org.apache.catalina.startup.VersionLoggerListener.log Command line argument: -Djava.io.tmpdir=E:\SWP391_MMO_Project\MMO_Trader_Market\temp
27-Oct-2025 22:02:49.695 INFO [main] org.apache.catalina.startup.VersionLoggerListener.log Command line argument: -Djava.util.logging.config.file=E:\SWP391_MMO_Project\MMO_Trader_Market\conf\logging.properties
27-Oct-2025 22:02:49.696 INFO [main] org.apache.catalina.startup.VersionLoggerListener.log Command line argument: -Djava.util.logging.manager=org.apache.juli.ClassLoaderLogManager
27-Oct-2025 22:02:49.696 INFO [main] org.apache.catalina.startup.VersionLoggerListener.log Command line argument: -javaagent:C:\Program Files\JetBrains\IntelliJ IDEA 2025.2.3\lib\idea_rt.jar=58179
27-Oct-2025 22:02:49.696 INFO [main] org.apache.catalina.startup.VersionLoggerListener.log Command line argument: -Dfile.encoding=UTF-8
27-Oct-2025 22:02:49.699 INFO [main] org.apache.catalina.core.AprLifecycleListener.lifecycleEvent Loaded Apache Tomcat Native library [2.0.9] using APR version [1.7.6].
27-Oct-2025 22:02:49.703 INFO [main] org.apache.catalina.core.AprLifecycleListener.initializeSSL OpenSSL successfully initialized [OpenSSL 3.5.0 8 Apr 2025]
27-Oct-2025 22:02:50.009 INFO [main] org.apache.coyote.AbstractProtocol.init Initializing ProtocolHandler ["http-nio-9999"]
27-Oct-2025 22:02:50.028 INFO [main] org.apache.catalina.startup.Catalina.load Server initialization in [525] milliseconds
27-Oct-2025 22:02:50.085 INFO [main] org.apache.catalina.core.StandardService.startInternal Starting service [Catalina]
27-Oct-2025 22:02:50.085 INFO [main] org.apache.catalina.core.StandardEngine.startInternal Starting Servlet engine: [Apache Tomcat/10.1.47]
27-Oct-2025 22:02:50.097 INFO [main] org.apache.catalina.startup.HostConfig.deployDescriptor Deploying deployment descriptor [E:\SWP391_MMO_Project\MMO_Trader_Market\conf\Catalina\localhost\SWP391_MMO_Project.xml]
27-Oct-2025 22:02:50.118 WARNING [main] org.apache.catalina.startup.HostConfig.deployDescriptor The path attribute with value [/MMO_Trader_Market] in deployment descriptor [E:\SWP391_MMO_Project\MMO_Trader_Market\conf\Catalina\localhost\SWP391_MMO_Project.xml] has been ignored
27-Oct-2025 22:02:51.499 INFO [main] org.apache.jasper.servlet.TldScanner.scanJars At least one JAR was scanned for TLDs yet contained no TLDs. Enable debug logging for this logger for a complete list of JARs that were scanned but no TLDs were found in them. Skipping unneeded JARs during scanning can improve startup time and JSP compilation time.
27-Oct-2025 22:02:51.613 INFO [main] org.apache.catalina.startup.HostConfig.deployDescriptor Deployment of deployment descriptor [E:\SWP391_MMO_Project\MMO_Trader_Market\conf\Catalina\localhost\SWP391_MMO_Project.xml] has finished in [1,516] ms
27-Oct-2025 22:02:51.616 INFO [main] org.apache.coyote.AbstractProtocol.start Starting ProtocolHandler ["http-nio-9999"]
27-Oct-2025 22:02:51.659 INFO [main] org.apache.catalina.startup.Catalina.start Server startup in [1630] milliseconds
27-Oct-2025 22:07:57.675 INFO [Thread-1] org.apache.coyote.AbstractProtocol.pause Pausing ProtocolHandler ["http-nio-9999"]
27-Oct-2025 22:07:57.822 INFO [Thread-1] org.apache.catalina.core.StandardService.stopInternal Stopping service [Catalina]
27-Oct-2025 22:07:57.831 WARNING [Thread-1] org.apache.catalina.loader.WebappClassLoaderBase.clearReferencesJdbc The web application [SWP391_MMO_Project] registered the JDBC driver [com.mysql.cj.jdbc.Driver] but failed to unregister it when the web application was stopped. To prevent a memory leak, the JDBC Driver has been forcibly unregistered.
27-Oct-2025 22:07:57.834 INFO [Thread-1] org.apache.coyote.AbstractProtocol.stop Stopping ProtocolHandler ["http-nio-9999"]
27-Oct-2025 22:07:57.857 INFO [Thread-1] org.apache.coyote.AbstractProtocol.destroy Destroying ProtocolHandler ["http-nio-9999"]
27-Oct-2025 22:07:58.889 INFO [main] org.apache.catalina.startup.VersionLoggerListener.log Server version name:   Apache Tomcat/10.1.47
27-Oct-2025 22:07:58.895 INFO [main] org.apache.catalina.startup.VersionLoggerListener.log Server built:          Oct 2 2025 12:03:51 UTC
27-Oct-2025 22:07:58.895 INFO [main] org.apache.catalina.startup.VersionLoggerListener.log Server version number: 10.1.47.0
27-Oct-2025 22:07:58.895 INFO [main] org.apache.catalina.startup.VersionLoggerListener.log OS Name:               Windows 11
27-Oct-2025 22:07:58.896 INFO [main] org.apache.catalina.startup.VersionLoggerListener.log OS Version:            10.0
27-Oct-2025 22:07:58.896 INFO [main] org.apache.catalina.startup.VersionLoggerListener.log Architecture:          amd64
27-Oct-2025 22:07:58.896 INFO [main] org.apache.catalina.startup.VersionLoggerListener.log Java Home:             C:\Program Files\Java\jdk-17
27-Oct-2025 22:07:58.897 INFO [main] org.apache.catalina.startup.VersionLoggerListener.log JVM Version:           17.0.12+8-LTS-286
27-Oct-2025 22:07:58.897 INFO [main] org.apache.catalina.startup.VersionLoggerListener.log JVM Vendor:            Oracle Corporation
27-Oct-2025 22:07:58.897 INFO [main] org.apache.catalina.startup.VersionLoggerListener.log CATALINA_BASE:         E:\SWP391_MMO_Project\MMO_Trader_Market
27-Oct-2025 22:07:58.897 INFO [main] org.apache.catalina.startup.VersionLoggerListener.log CATALINA_HOME:         C:\Users\Admin\Desktop\apache-tomcat-10.1.47-windows-x64\apache-tomcat-10.1.47
27-Oct-2025 22:07:58.906 INFO [main] org.apache.catalina.startup.VersionLoggerListener.log Command line argument: --add-opens=java.base/java.lang=ALL-UNNAMED
27-Oct-2025 22:07:58.906 INFO [main] org.apache.catalina.startup.VersionLoggerListener.log Command line argument: --add-opens=java.base/java.io=ALL-UNNAMED
27-Oct-2025 22:07:58.906 INFO [main] org.apache.catalina.startup.VersionLoggerListener.log Command line argument: --add-opens=java.base/java.util=ALL-UNNAMED
27-Oct-2025 22:07:58.906 INFO [main] org.apache.catalina.startup.VersionLoggerListener.log Command line argument: --add-opens=java.base/java.util.concurrent=ALL-UNNAMED
27-Oct-2025 22:07:58.906 INFO [main] org.apache.catalina.startup.VersionLoggerListener.log Command line argument: --add-opens=java.rmi/sun.rmi.transport=ALL-UNNAMED
27-Oct-2025 22:07:58.906 INFO [main] org.apache.catalina.startup.VersionLoggerListener.log Command line argument: -Dcatalina.home=C:\Users\Admin\Desktop\apache-tomcat-10.1.47-windows-x64\apache-tomcat-10.1.47
27-Oct-2025 22:07:58.906 INFO [main] org.apache.catalina.startup.VersionLoggerListener.log Command line argument: -Dcatalina.base=E:\SWP391_MMO_Project\MMO_Trader_Market
27-Oct-2025 22:07:58.906 INFO [main] org.apache.catalina.startup.VersionLoggerListener.log Command line argument: -Djava.io.tmpdir=E:\SWP391_MMO_Project\MMO_Trader_Market\temp
27-Oct-2025 22:07:58.906 INFO [main] org.apache.catalina.startup.VersionLoggerListener.log Command line argument: -Djava.util.logging.config.file=E:\SWP391_MMO_Project\MMO_Trader_Market\conf\logging.properties
27-Oct-2025 22:07:58.907 INFO [main] org.apache.catalina.startup.VersionLoggerListener.log Command line argument: -Djava.util.logging.manager=org.apache.juli.ClassLoaderLogManager
27-Oct-2025 22:07:58.907 INFO [main] org.apache.catalina.startup.VersionLoggerListener.log Command line argument: -javaagent:C:\Program Files\JetBrains\IntelliJ IDEA 2025.2.3\lib\idea_rt.jar=56290
27-Oct-2025 22:07:58.907 INFO [main] org.apache.catalina.startup.VersionLoggerListener.log Command line argument: -Dfile.encoding=UTF-8
27-Oct-2025 22:07:58.916 INFO [main] org.apache.catalina.core.AprLifecycleListener.lifecycleEvent Loaded Apache Tomcat Native library [2.0.9] using APR version [1.7.6].
27-Oct-2025 22:07:58.929 INFO [main] org.apache.catalina.core.AprLifecycleListener.initializeSSL OpenSSL successfully initialized [OpenSSL 3.5.0 8 Apr 2025]
27-Oct-2025 22:07:59.315 INFO [main] org.apache.coyote.AbstractProtocol.init Initializing ProtocolHandler ["http-nio-9999"]
27-Oct-2025 22:07:59.333 INFO [main] org.apache.catalina.startup.Catalina.load Server initialization in [605] milliseconds
27-Oct-2025 22:07:59.374 INFO [main] org.apache.catalina.core.StandardService.startInternal Starting service [Catalina]
27-Oct-2025 22:07:59.374 INFO [main] org.apache.catalina.core.StandardEngine.startInternal Starting Servlet engine: [Apache Tomcat/10.1.47]
27-Oct-2025 22:07:59.383 INFO [main] org.apache.catalina.startup.HostConfig.deployDescriptor Deploying deployment descriptor [E:\SWP391_MMO_Project\MMO_Trader_Market\conf\Catalina\localhost\SWP391_MMO_Project.xml]
27-Oct-2025 22:07:59.397 WARNING [main] org.apache.catalina.startup.HostConfig.deployDescriptor The path attribute with value [/MMO_Trader_Market] in deployment descriptor [E:\SWP391_MMO_Project\MMO_Trader_Market\conf\Catalina\localhost\SWP391_MMO_Project.xml] has been ignored
27-Oct-2025 22:08:00.984 INFO [main] org.apache.jasper.servlet.TldScanner.scanJars At least one JAR was scanned for TLDs yet contained no TLDs. Enable debug logging for this logger for a complete list of JARs that were scanned but no TLDs were found in them. Skipping unneeded JARs during scanning can improve startup time and JSP compilation time.
27-Oct-2025 22:08:01.097 INFO [main] org.apache.catalina.startup.HostConfig.deployDescriptor Deployment of deployment descriptor [E:\SWP391_MMO_Project\MMO_Trader_Market\conf\Catalina\localhost\SWP391_MMO_Project.xml] has finished in [1,715] ms
27-Oct-2025 22:08:01.101 INFO [main] org.apache.coyote.AbstractProtocol.start Starting ProtocolHandler ["http-nio-9999"]
27-Oct-2025 22:08:01.149 INFO [main] org.apache.catalina.startup.Catalina.start Server startup in [1815] milliseconds
27-Oct-2025 22:15:16.547 INFO [Thread-1] org.apache.coyote.AbstractProtocol.pause Pausing ProtocolHandler ["http-nio-9999"]
27-Oct-2025 22:15:16.689 INFO [Thread-1] org.apache.catalina.core.StandardService.stopInternal Stopping service [Catalina]
27-Oct-2025 22:15:16.699 WARNING [Thread-1] org.apache.catalina.loader.WebappClassLoaderBase.clearReferencesJdbc The web application [SWP391_MMO_Project] registered the JDBC driver [com.mysql.cj.jdbc.Driver] but failed to unregister it when the web application was stopped. To prevent a memory leak, the JDBC Driver has been forcibly unregistered.
27-Oct-2025 22:15:16.702 INFO [Thread-1] org.apache.coyote.AbstractProtocol.stop Stopping ProtocolHandler ["http-nio-9999"]
27-Oct-2025 22:15:16.717 INFO [Thread-1] org.apache.coyote.AbstractProtocol.destroy Destroying ProtocolHandler ["http-nio-9999"]
27-Oct-2025 22:15:19.271 INFO [main] org.apache.catalina.startup.VersionLoggerListener.log Server version name:   Apache Tomcat/10.1.47
27-Oct-2025 22:15:19.276 INFO [main] org.apache.catalina.startup.VersionLoggerListener.log Server built:          Oct 2 2025 12:03:51 UTC
27-Oct-2025 22:15:19.276 INFO [main] org.apache.catalina.startup.VersionLoggerListener.log Server version number: 10.1.47.0
27-Oct-2025 22:15:19.277 INFO [main] org.apache.catalina.startup.VersionLoggerListener.log OS Name:               Windows 11
27-Oct-2025 22:15:19.277 INFO [main] org.apache.catalina.startup.VersionLoggerListener.log OS Version:            10.0
27-Oct-2025 22:15:19.277 INFO [main] org.apache.catalina.startup.VersionLoggerListener.log Architecture:          amd64
27-Oct-2025 22:15:19.277 INFO [main] org.apache.catalina.startup.VersionLoggerListener.log Java Home:             C:\Program Files\Java\jdk-17
27-Oct-2025 22:15:19.278 INFO [main] org.apache.catalina.startup.VersionLoggerListener.log JVM Version:           17.0.12+8-LTS-286
27-Oct-2025 22:15:19.278 INFO [main] org.apache.catalina.startup.VersionLoggerListener.log JVM Vendor:            Oracle Corporation
27-Oct-2025 22:15:19.278 INFO [main] org.apache.catalina.startup.VersionLoggerListener.log CATALINA_BASE:         E:\SWP391_MMO_Project\MMO_Trader_Market
27-Oct-2025 22:15:19.278 INFO [main] org.apache.catalina.startup.VersionLoggerListener.log CATALINA_HOME:         C:\Users\Admin\Desktop\apache-tomcat-10.1.47-windows-x64\apache-tomcat-10.1.47
27-Oct-2025 22:15:19.285 INFO [main] org.apache.catalina.startup.VersionLoggerListener.log Command line argument: --add-opens=java.base/java.lang=ALL-UNNAMED
27-Oct-2025 22:15:19.285 INFO [main] org.apache.catalina.startup.VersionLoggerListener.log Command line argument: --add-opens=java.base/java.io=ALL-UNNAMED
27-Oct-2025 22:15:19.285 INFO [main] org.apache.catalina.startup.VersionLoggerListener.log Command line argument: --add-opens=java.base/java.util=ALL-UNNAMED
27-Oct-2025 22:15:19.285 INFO [main] org.apache.catalina.startup.VersionLoggerListener.log Command line argument: --add-opens=java.base/java.util.concurrent=ALL-UNNAMED
27-Oct-2025 22:15:19.285 INFO [main] org.apache.catalina.startup.VersionLoggerListener.log Command line argument: --add-opens=java.rmi/sun.rmi.transport=ALL-UNNAMED
27-Oct-2025 22:15:19.285 INFO [main] org.apache.catalina.startup.VersionLoggerListener.log Command line argument: -Dcatalina.home=C:\Users\Admin\Desktop\apache-tomcat-10.1.47-windows-x64\apache-tomcat-10.1.47
27-Oct-2025 22:15:19.285 INFO [main] org.apache.catalina.startup.VersionLoggerListener.log Command line argument: -Dcatalina.base=E:\SWP391_MMO_Project\MMO_Trader_Market
27-Oct-2025 22:15:19.286 INFO [main] org.apache.catalina.startup.VersionLoggerListener.log Command line argument: -Djava.io.tmpdir=E:\SWP391_MMO_Project\MMO_Trader_Market\temp
27-Oct-2025 22:15:19.286 INFO [main] org.apache.catalina.startup.VersionLoggerListener.log Command line argument: -Djava.util.logging.config.file=E:\SWP391_MMO_Project\MMO_Trader_Market\conf\logging.properties
27-Oct-2025 22:15:19.286 INFO [main] org.apache.catalina.startup.VersionLoggerListener.log Command line argument: -Djava.util.logging.manager=org.apache.juli.ClassLoaderLogManager
27-Oct-2025 22:15:19.287 INFO [main] org.apache.catalina.startup.VersionLoggerListener.log Command line argument: -javaagent:C:\Program Files\JetBrains\IntelliJ IDEA 2025.2.3\lib\idea_rt.jar=53041
27-Oct-2025 22:15:19.287 INFO [main] org.apache.catalina.startup.VersionLoggerListener.log Command line argument: -Dfile.encoding=UTF-8
27-Oct-2025 22:15:19.289 INFO [main] org.apache.catalina.core.AprLifecycleListener.lifecycleEvent Loaded Apache Tomcat Native library [2.0.9] using APR version [1.7.6].
27-Oct-2025 22:15:19.293 INFO [main] org.apache.catalina.core.AprLifecycleListener.initializeSSL OpenSSL successfully initialized [OpenSSL 3.5.0 8 Apr 2025]
27-Oct-2025 22:15:19.601 INFO [main] org.apache.coyote.AbstractProtocol.init Initializing ProtocolHandler ["http-nio-9999"]
27-Oct-2025 22:15:19.620 INFO [main] org.apache.catalina.startup.Catalina.load Server initialization in [513] milliseconds
27-Oct-2025 22:15:19.670 INFO [main] org.apache.catalina.core.StandardService.startInternal Starting service [Catalina]
27-Oct-2025 22:15:19.670 INFO [main] org.apache.catalina.core.StandardEngine.startInternal Starting Servlet engine: [Apache Tomcat/10.1.47]
27-Oct-2025 22:15:19.682 INFO [main] org.apache.catalina.startup.HostConfig.deployDescriptor Deploying deployment descriptor [E:\SWP391_MMO_Project\MMO_Trader_Market\conf\Catalina\localhost\SWP391_MMO_Project.xml]
27-Oct-2025 22:15:19.705 WARNING [main] org.apache.catalina.startup.HostConfig.deployDescriptor The path attribute with value [/MMO_Trader_Market] in deployment descriptor [E:\SWP391_MMO_Project\MMO_Trader_Market\conf\Catalina\localhost\SWP391_MMO_Project.xml] has been ignored
27-Oct-2025 22:15:21.050 INFO [main] org.apache.jasper.servlet.TldScanner.scanJars At least one JAR was scanned for TLDs yet contained no TLDs. Enable debug logging for this logger for a complete list of JARs that were scanned but no TLDs were found in them. Skipping unneeded JARs during scanning can improve startup time and JSP compilation time.
27-Oct-2025 22:15:21.171 INFO [main] org.apache.catalina.startup.HostConfig.deployDescriptor Deployment of deployment descriptor [E:\SWP391_MMO_Project\MMO_Trader_Market\conf\Catalina\localhost\SWP391_MMO_Project.xml] has finished in [1,488] ms
27-Oct-2025 22:15:21.173 INFO [main] org.apache.coyote.AbstractProtocol.start Starting ProtocolHandler ["http-nio-9999"]
27-Oct-2025 22:15:21.214 INFO [main] org.apache.catalina.startup.Catalina.start Server startup in [1594] milliseconds
27-Oct-2025 22:15:53.841 INFO [Thread-1] org.apache.coyote.AbstractProtocol.pause Pausing ProtocolHandler ["http-nio-9999"]
27-Oct-2025 22:15:53.980 INFO [Thread-1] org.apache.catalina.core.StandardService.stopInternal Stopping service [Catalina]
27-Oct-2025 22:15:53.991 WARNING [Thread-1] org.apache.catalina.loader.WebappClassLoaderBase.clearReferencesJdbc The web application [SWP391_MMO_Project] registered the JDBC driver [com.mysql.cj.jdbc.Driver] but failed to unregister it when the web application was stopped. To prevent a memory leak, the JDBC Driver has been forcibly unregistered.
27-Oct-2025 22:15:53.995 INFO [Thread-1] org.apache.coyote.AbstractProtocol.stop Stopping ProtocolHandler ["http-nio-9999"]
27-Oct-2025 22:15:54.018 INFO [Thread-1] org.apache.coyote.AbstractProtocol.destroy Destroying ProtocolHandler ["http-nio-9999"]
27-Oct-2025 22:15:55.080 INFO [main] org.apache.catalina.startup.VersionLoggerListener.log Server version name:   Apache Tomcat/10.1.47
27-Oct-2025 22:15:55.085 INFO [main] org.apache.catalina.startup.VersionLoggerListener.log Server built:          Oct 2 2025 12:03:51 UTC
27-Oct-2025 22:15:55.085 INFO [main] org.apache.catalina.startup.VersionLoggerListener.log Server version number: 10.1.47.0
27-Oct-2025 22:15:55.085 INFO [main] org.apache.catalina.startup.VersionLoggerListener.log OS Name:               Windows 11
27-Oct-2025 22:15:55.085 INFO [main] org.apache.catalina.startup.VersionLoggerListener.log OS Version:            10.0
27-Oct-2025 22:15:55.085 INFO [main] org.apache.catalina.startup.VersionLoggerListener.log Architecture:          amd64
27-Oct-2025 22:15:55.085 INFO [main] org.apache.catalina.startup.VersionLoggerListener.log Java Home:             C:\Program Files\Java\jdk-17
27-Oct-2025 22:15:55.085 INFO [main] org.apache.catalina.startup.VersionLoggerListener.log JVM Version:           17.0.12+8-LTS-286
27-Oct-2025 22:15:55.085 INFO [main] org.apache.catalina.startup.VersionLoggerListener.log JVM Vendor:            Oracle Corporation
27-Oct-2025 22:15:55.085 INFO [main] org.apache.catalina.startup.VersionLoggerListener.log CATALINA_BASE:         E:\SWP391_MMO_Project\MMO_Trader_Market
27-Oct-2025 22:15:55.085 INFO [main] org.apache.catalina.startup.VersionLoggerListener.log CATALINA_HOME:         C:\Users\Admin\Desktop\apache-tomcat-10.1.47-windows-x64\apache-tomcat-10.1.47
27-Oct-2025 22:15:55.095 INFO [main] org.apache.catalina.startup.VersionLoggerListener.log Command line argument: --add-opens=java.base/java.lang=ALL-UNNAMED
27-Oct-2025 22:15:55.095 INFO [main] org.apache.catalina.startup.VersionLoggerListener.log Command line argument: --add-opens=java.base/java.io=ALL-UNNAMED
27-Oct-2025 22:15:55.095 INFO [main] org.apache.catalina.startup.VersionLoggerListener.log Command line argument: --add-opens=java.base/java.util=ALL-UNNAMED
27-Oct-2025 22:15:55.095 INFO [main] org.apache.catalina.startup.VersionLoggerListener.log Command line argument: --add-opens=java.base/java.util.concurrent=ALL-UNNAMED
27-Oct-2025 22:15:55.096 INFO [main] org.apache.catalina.startup.VersionLoggerListener.log Command line argument: --add-opens=java.rmi/sun.rmi.transport=ALL-UNNAMED
27-Oct-2025 22:15:55.096 INFO [main] org.apache.catalina.startup.VersionLoggerListener.log Command line argument: -Dcatalina.home=C:\Users\Admin\Desktop\apache-tomcat-10.1.47-windows-x64\apache-tomcat-10.1.47
27-Oct-2025 22:15:55.096 INFO [main] org.apache.catalina.startup.VersionLoggerListener.log Command line argument: -Dcatalina.base=E:\SWP391_MMO_Project\MMO_Trader_Market
27-Oct-2025 22:15:55.096 INFO [main] org.apache.catalina.startup.VersionLoggerListener.log Command line argument: -Djava.io.tmpdir=E:\SWP391_MMO_Project\MMO_Trader_Market\temp
27-Oct-2025 22:15:55.096 INFO [main] org.apache.catalina.startup.VersionLoggerListener.log Command line argument: -Djava.util.logging.config.file=E:\SWP391_MMO_Project\MMO_Trader_Market\conf\logging.properties
27-Oct-2025 22:15:55.096 INFO [main] org.apache.catalina.startup.VersionLoggerListener.log Command line argument: -Djava.util.logging.manager=org.apache.juli.ClassLoaderLogManager
27-Oct-2025 22:15:55.096 INFO [main] org.apache.catalina.startup.VersionLoggerListener.log Command line argument: -javaagent:C:\Program Files\JetBrains\IntelliJ IDEA 2025.2.3\lib\idea_rt.jar=55796
27-Oct-2025 22:15:55.097 INFO [main] org.apache.catalina.startup.VersionLoggerListener.log Command line argument: -Dfile.encoding=UTF-8
27-Oct-2025 22:15:55.099 INFO [main] org.apache.catalina.core.AprLifecycleListener.lifecycleEvent Loaded Apache Tomcat Native library [2.0.9] using APR version [1.7.6].
27-Oct-2025 22:15:55.104 INFO [main] org.apache.catalina.core.AprLifecycleListener.initializeSSL OpenSSL successfully initialized [OpenSSL 3.5.0 8 Apr 2025]
27-Oct-2025 22:15:55.494 INFO [main] org.apache.coyote.AbstractProtocol.init Initializing ProtocolHandler ["http-nio-9999"]
27-Oct-2025 22:15:55.511 INFO [main] org.apache.catalina.startup.Catalina.load Server initialization in [620] milliseconds
27-Oct-2025 22:15:55.564 INFO [main] org.apache.catalina.core.StandardService.startInternal Starting service [Catalina]
27-Oct-2025 22:15:55.564 INFO [main] org.apache.catalina.core.StandardEngine.startInternal Starting Servlet engine: [Apache Tomcat/10.1.47]
27-Oct-2025 22:15:55.581 INFO [main] org.apache.catalina.startup.HostConfig.deployDescriptor Deploying deployment descriptor [E:\SWP391_MMO_Project\MMO_Trader_Market\conf\Catalina\localhost\SWP391_MMO_Project.xml]
27-Oct-2025 22:15:55.604 WARNING [main] org.apache.catalina.startup.HostConfig.deployDescriptor The path attribute with value [/MMO_Trader_Market] in deployment descriptor [E:\SWP391_MMO_Project\MMO_Trader_Market\conf\Catalina\localhost\SWP391_MMO_Project.xml] has been ignored
27-Oct-2025 22:15:57.068 INFO [main] org.apache.jasper.servlet.TldScanner.scanJars At least one JAR was scanned for TLDs yet contained no TLDs. Enable debug logging for this logger for a complete list of JARs that were scanned but no TLDs were found in them. Skipping unneeded JARs during scanning can improve startup time and JSP compilation time.
27-Oct-2025 22:15:57.185 INFO [main] org.apache.catalina.startup.HostConfig.deployDescriptor Deployment of deployment descriptor [E:\SWP391_MMO_Project\MMO_Trader_Market\conf\Catalina\localhost\SWP391_MMO_Project.xml] has finished in [1,604] ms
27-Oct-2025 22:15:57.187 INFO [main] org.apache.coyote.AbstractProtocol.start Starting ProtocolHandler ["http-nio-9999"]
27-Oct-2025 22:15:57.226 INFO [main] org.apache.catalina.startup.Catalina.start Server startup in [1714] milliseconds
27-Oct-2025 22:16:00.919 SEVERE [http-nio-9999-exec-1] dao.product.ProductDAO.findTopAvailable Không thể tải sản phẩm nổi bật
	java.sql.SQLSyntaxErrorException: Unknown column 'p.product_type' in 'field list'
		at com.mysql.cj.jdbc.exceptions.SQLError.createSQLException(SQLError.java:112)
		at com.mysql.cj.jdbc.exceptions.SQLExceptionsMapping.translateException(SQLExceptionsMapping.java:114)
		at com.mysql.cj.jdbc.ClientPreparedStatement.executeInternal(ClientPreparedStatement.java:990)
		at com.mysql.cj.jdbc.ClientPreparedStatement.executeQuery(ClientPreparedStatement.java:1058)
		at dao.product.ProductDAO.findTopAvailable(ProductDAO.java:218)
		at service.ProductService.getHomepageHighlights(ProductService.java:121)
		at service.HomepageService.loadFeaturedProducts(HomepageService.java:61)
		at controller.product.HomepageController.populateHomepageData(HomepageController.java:68)
		at controller.product.HomepageController.doGet(HomepageController.java:54)
		at jakarta.servlet.http.HttpServlet.service(HttpServlet.java:564)
		at jakarta.servlet.http.HttpServlet.service(HttpServlet.java:658)
		at org.apache.catalina.core.ApplicationFilterChain.internalDoFilter(ApplicationFilterChain.java:193)
		at org.apache.catalina.core.ApplicationFilterChain.doFilter(ApplicationFilterChain.java:138)
		at org.apache.tomcat.websocket.server.WsFilter.doFilter(WsFilter.java:51)
		at org.apache.catalina.core.ApplicationFilterChain.internalDoFilter(ApplicationFilterChain.java:162)
		at org.apache.catalina.core.ApplicationFilterChain.doFilter(ApplicationFilterChain.java:138)
		at filter.RememberMeFilter.doFilter(RememberMeFilter.java:53)
		at jakarta.servlet.http.HttpFilter.doFilter(HttpFilter.java:53)
		at org.apache.catalina.core.ApplicationFilterChain.internalDoFilter(ApplicationFilterChain.java:162)
		at org.apache.catalina.core.ApplicationFilterChain.doFilter(ApplicationFilterChain.java:138)
		at org.apache.catalina.core.StandardWrapperValve.invoke(StandardWrapperValve.java:165)
		at org.apache.catalina.core.StandardContextValve.invoke(StandardContextValve.java:88)
		at org.apache.catalina.authenticator.AuthenticatorBase.invoke(AuthenticatorBase.java:482)
		at org.apache.catalina.core.StandardHostValve.invoke(StandardHostValve.java:113)
		at org.apache.catalina.valves.ErrorReportValve.invoke(ErrorReportValve.java:90)
		at org.apache.catalina.valves.AbstractAccessLogValve.invoke(AbstractAccessLogValve.java:664)
		at org.apache.catalina.core.StandardEngineValve.invoke(StandardEngineValve.java:72)
		at org.apache.catalina.connector.CoyoteAdapter.service(CoyoteAdapter.java:342)
		at org.apache.coyote.http11.Http11Processor.service(Http11Processor.java:399)
		at org.apache.coyote.AbstractProcessorLight.process(AbstractProcessorLight.java:63)
		at org.apache.coyote.AbstractProtocol$ConnectionHandler.process(AbstractProtocol.java:903)
		at org.apache.tomcat.util.net.NioEndpoint$SocketProcessor.doRun(NioEndpoint.java:1776)
		at org.apache.tomcat.util.net.SocketProcessorBase.run(SocketProcessorBase.java:52)
		at org.apache.tomcat.util.threads.ThreadPoolExecutor.runWorker(ThreadPoolExecutor.java:975)
		at org.apache.tomcat.util.threads.ThreadPoolExecutor$Worker.run(ThreadPoolExecutor.java:493)
		at org.apache.tomcat.util.threads.TaskThread$WrappingRunnable.run(TaskThread.java:63)
		at java.base/java.lang.Thread.run(Thread.java:842)
27-Oct-2025 22:16:00.962 SEVERE [http-nio-9999-exec-1] dao.product.ProductDAO.countAvailableByType Không thể đếm sản phẩm theo loại
	java.sql.SQLSyntaxErrorException: Unknown column 'p.product_type' in 'field list'
		at com.mysql.cj.jdbc.exceptions.SQLError.createSQLException(SQLError.java:112)
		at com.mysql.cj.jdbc.exceptions.SQLExceptionsMapping.translateException(SQLExceptionsMapping.java:114)
		at com.mysql.cj.jdbc.ClientPreparedStatement.executeInternal(ClientPreparedStatement.java:990)
		at com.mysql.cj.jdbc.ClientPreparedStatement.executeQuery(ClientPreparedStatement.java:1058)
		at dao.product.ProductDAO.countAvailableByType(ProductDAO.java:240)
		at service.ProductService.getHomepageCategories(ProductService.java:131)
		at service.HomepageService.loadProductCategories(HomepageService.java:75)
		at controller.product.HomepageController.populateHomepageData(HomepageController.java:75)
		at controller.product.HomepageController.doGet(HomepageController.java:54)
		at jakarta.servlet.http.HttpServlet.service(HttpServlet.java:564)
		at jakarta.servlet.http.HttpServlet.service(HttpServlet.java:658)
		at org.apache.catalina.core.ApplicationFilterChain.internalDoFilter(ApplicationFilterChain.java:193)
		at org.apache.catalina.core.ApplicationFilterChain.doFilter(ApplicationFilterChain.java:138)
		at org.apache.tomcat.websocket.server.WsFilter.doFilter(WsFilter.java:51)
		at org.apache.catalina.core.ApplicationFilterChain.internalDoFilter(ApplicationFilterChain.java:162)
		at org.apache.catalina.core.ApplicationFilterChain.doFilter(ApplicationFilterChain.java:138)
		at filter.RememberMeFilter.doFilter(RememberMeFilter.java:53)
		at jakarta.servlet.http.HttpFilter.doFilter(HttpFilter.java:53)
		at org.apache.catalina.core.ApplicationFilterChain.internalDoFilter(ApplicationFilterChain.java:162)
		at org.apache.catalina.core.ApplicationFilterChain.doFilter(ApplicationFilterChain.java:138)
		at org.apache.catalina.core.StandardWrapperValve.invoke(StandardWrapperValve.java:165)
		at org.apache.catalina.core.StandardContextValve.invoke(StandardContextValve.java:88)
		at org.apache.catalina.authenticator.AuthenticatorBase.invoke(AuthenticatorBase.java:482)
		at org.apache.catalina.core.StandardHostValve.invoke(StandardHostValve.java:113)
		at org.apache.catalina.valves.ErrorReportValve.invoke(ErrorReportValve.java:90)
		at org.apache.catalina.valves.AbstractAccessLogValve.invoke(AbstractAccessLogValve.java:664)
		at org.apache.catalina.core.StandardEngineValve.invoke(StandardEngineValve.java:72)
		at org.apache.catalina.connector.CoyoteAdapter.service(CoyoteAdapter.java:342)
		at org.apache.coyote.http11.Http11Processor.service(Http11Processor.java:399)
		at org.apache.coyote.AbstractProcessorLight.process(AbstractProcessorLight.java:63)
		at org.apache.coyote.AbstractProtocol$ConnectionHandler.process(AbstractProtocol.java:903)
		at org.apache.tomcat.util.net.NioEndpoint$SocketProcessor.doRun(NioEndpoint.java:1776)
		at org.apache.tomcat.util.net.SocketProcessorBase.run(SocketProcessorBase.java:52)
		at org.apache.tomcat.util.threads.ThreadPoolExecutor.runWorker(ThreadPoolExecutor.java:975)
		at org.apache.tomcat.util.threads.ThreadPoolExecutor$Worker.run(ThreadPoolExecutor.java:493)
		at org.apache.tomcat.util.threads.TaskThread$WrappingRunnable.run(TaskThread.java:63)
		at java.base/java.lang.Thread.run(Thread.java:842)
27-Oct-2025 23:49:15.110 INFO [Thread-1] org.apache.coyote.AbstractProtocol.pause Pausing ProtocolHandler ["http-nio-9999"]
27-Oct-2025 23:49:16.065 INFO [Thread-1] org.apache.catalina.core.StandardService.stopInternal Stopping service [Catalina]
27-Oct-2025 23:49:16.101 INFO [Thread-1] org.apache.coyote.AbstractProtocol.stop Stopping ProtocolHandler ["http-nio-9999"]
27-Oct-2025 23:49:16.135 INFO [Thread-1] org.apache.coyote.AbstractProtocol.destroy Destroying ProtocolHandler ["http-nio-9999"]
27-Oct-2025 23:49:32.034 INFO [main] org.apache.catalina.startup.VersionLoggerListener.log Server version name:   Apache Tomcat/10.1.47
27-Oct-2025 23:49:32.043 INFO [main] org.apache.catalina.startup.VersionLoggerListener.log Server built:          Oct 2 2025 12:03:51 UTC
27-Oct-2025 23:49:32.043 INFO [main] org.apache.catalina.startup.VersionLoggerListener.log Server version number: 10.1.47.0
27-Oct-2025 23:49:32.044 INFO [main] org.apache.catalina.startup.VersionLoggerListener.log OS Name:               Windows 11
27-Oct-2025 23:49:32.044 INFO [main] org.apache.catalina.startup.VersionLoggerListener.log OS Version:            10.0
27-Oct-2025 23:49:32.044 INFO [main] org.apache.catalina.startup.VersionLoggerListener.log Architecture:          amd64
27-Oct-2025 23:49:32.044 INFO [main] org.apache.catalina.startup.VersionLoggerListener.log Java Home:             C:\Program Files\Java\jdk-17
27-Oct-2025 23:49:32.044 INFO [main] org.apache.catalina.startup.VersionLoggerListener.log JVM Version:           17.0.12+8-LTS-286
27-Oct-2025 23:49:32.044 INFO [main] org.apache.catalina.startup.VersionLoggerListener.log JVM Vendor:            Oracle Corporation
27-Oct-2025 23:49:32.044 INFO [main] org.apache.catalina.startup.VersionLoggerListener.log CATALINA_BASE:         E:\SWP391_MMO_Project\MMO_Trader_Market
27-Oct-2025 23:49:32.045 INFO [main] org.apache.catalina.startup.VersionLoggerListener.log CATALINA_HOME:         C:\Users\Admin\Desktop\apache-tomcat-10.1.47-windows-x64\apache-tomcat-10.1.47
27-Oct-2025 23:49:32.063 INFO [main] org.apache.catalina.startup.VersionLoggerListener.log Command line argument: --add-opens=java.base/java.lang=ALL-UNNAMED
27-Oct-2025 23:49:32.064 INFO [main] org.apache.catalina.startup.VersionLoggerListener.log Command line argument: --add-opens=java.base/java.io=ALL-UNNAMED
27-Oct-2025 23:49:32.064 INFO [main] org.apache.catalina.startup.VersionLoggerListener.log Command line argument: --add-opens=java.base/java.util=ALL-UNNAMED
27-Oct-2025 23:49:32.064 INFO [main] org.apache.catalina.startup.VersionLoggerListener.log Command line argument: --add-opens=java.base/java.util.concurrent=ALL-UNNAMED
27-Oct-2025 23:49:32.064 INFO [main] org.apache.catalina.startup.VersionLoggerListener.log Command line argument: --add-opens=java.rmi/sun.rmi.transport=ALL-UNNAMED
27-Oct-2025 23:49:32.064 INFO [main] org.apache.catalina.startup.VersionLoggerListener.log Command line argument: -Dcatalina.home=C:\Users\Admin\Desktop\apache-tomcat-10.1.47-windows-x64\apache-tomcat-10.1.47
27-Oct-2025 23:49:32.064 INFO [main] org.apache.catalina.startup.VersionLoggerListener.log Command line argument: -Dcatalina.base=E:\SWP391_MMO_Project\MMO_Trader_Market
27-Oct-2025 23:49:32.064 INFO [main] org.apache.catalina.startup.VersionLoggerListener.log Command line argument: -Djava.io.tmpdir=E:\SWP391_MMO_Project\MMO_Trader_Market\temp
27-Oct-2025 23:49:32.064 INFO [main] org.apache.catalina.startup.VersionLoggerListener.log Command line argument: -Djava.util.logging.config.file=E:\SWP391_MMO_Project\MMO_Trader_Market\conf\logging.properties
27-Oct-2025 23:49:32.064 INFO [main] org.apache.catalina.startup.VersionLoggerListener.log Command line argument: -Djava.util.logging.manager=org.apache.juli.ClassLoaderLogManager
27-Oct-2025 23:49:32.064 INFO [main] org.apache.catalina.startup.VersionLoggerListener.log Command line argument: -javaagent:C:\Program Files\JetBrains\IntelliJ IDEA 2025.2.3\lib\idea_rt.jar=54516
27-Oct-2025 23:49:32.064 INFO [main] org.apache.catalina.startup.VersionLoggerListener.log Command line argument: -Dfile.encoding=UTF-8
27-Oct-2025 23:49:32.073 INFO [main] org.apache.catalina.core.AprLifecycleListener.lifecycleEvent Loaded Apache Tomcat Native library [2.0.9] using APR version [1.7.6].
27-Oct-2025 23:49:32.084 INFO [main] org.apache.catalina.core.AprLifecycleListener.initializeSSL OpenSSL successfully initialized [OpenSSL 3.5.0 8 Apr 2025]
27-Oct-2025 23:49:33.270 INFO [main] org.apache.coyote.AbstractProtocol.init Initializing ProtocolHandler ["http-nio-9999"]
27-Oct-2025 23:49:33.303 INFO [main] org.apache.catalina.startup.Catalina.load Server initialization in [1760] milliseconds
27-Oct-2025 23:49:33.439 INFO [main] org.apache.catalina.core.StandardService.startInternal Starting service [Catalina]
27-Oct-2025 23:49:33.439 INFO [main] org.apache.catalina.core.StandardEngine.startInternal Starting Servlet engine: [Apache Tomcat/10.1.47]
27-Oct-2025 23:49:33.456 INFO [main] org.apache.catalina.startup.HostConfig.deployDescriptor Deploying deployment descriptor [E:\SWP391_MMO_Project\MMO_Trader_Market\conf\Catalina\localhost\SWP391_MMO_Project.xml]
27-Oct-2025 23:49:33.487 WARNING [main] org.apache.catalina.startup.HostConfig.deployDescriptor The path attribute with value [/MMO_Trader_Market] in deployment descriptor [E:\SWP391_MMO_Project\MMO_Trader_Market\conf\Catalina\localhost\SWP391_MMO_Project.xml] has been ignored
27-Oct-2025 23:49:39.174 INFO [main] org.apache.jasper.servlet.TldScanner.scanJars At least one JAR was scanned for TLDs yet contained no TLDs. Enable debug logging for this logger for a complete list of JARs that were scanned but no TLDs were found in them. Skipping unneeded JARs during scanning can improve startup time and JSP compilation time.
27-Oct-2025 23:49:39.634 WARNING [main] org.apache.catalina.util.SessionIdGeneratorBase.createSecureRandom Creation of SecureRandom instance for session ID generation using [SHA1PRNG] took [396] milliseconds.
27-Oct-2025 23:49:39.683 INFO [main] org.apache.catalina.startup.HostConfig.deployDescriptor Deployment of deployment descriptor [E:\SWP391_MMO_Project\MMO_Trader_Market\conf\Catalina\localhost\SWP391_MMO_Project.xml] has finished in [6,226] ms
27-Oct-2025 23:49:39.691 INFO [main] org.apache.coyote.AbstractProtocol.start Starting ProtocolHandler ["http-nio-9999"]
27-Oct-2025 23:49:39.951 INFO [main] org.apache.catalina.startup.Catalina.start Server startup in [6647] milliseconds
27-Oct-2025 23:50:48.973 INFO [Thread-1] org.apache.coyote.AbstractProtocol.pause Pausing ProtocolHandler ["http-nio-9999"]
27-Oct-2025 23:50:49.974 INFO [Thread-1] org.apache.catalina.core.StandardService.stopInternal Stopping service [Catalina]
27-Oct-2025 23:50:49.992 WARNING [Thread-1] org.apache.catalina.loader.WebappClassLoaderBase.clearReferencesJdbc The web application [SWP391_MMO_Project] registered the JDBC driver [com.mysql.cj.jdbc.Driver] but failed to unregister it when the web application was stopped. To prevent a memory leak, the JDBC Driver has been forcibly unregistered.
27-Oct-2025 23:50:50.000 INFO [Thread-1] org.apache.coyote.AbstractProtocol.stop Stopping ProtocolHandler ["http-nio-9999"]
27-Oct-2025 23:50:50.019 INFO [Thread-1] org.apache.coyote.AbstractProtocol.destroy Destroying ProtocolHandler ["http-nio-9999"]
