09-Nov-2025 21:14:51.712 INFO [main] org.apache.catalina.startup.VersionLoggerListener.log Server version name:   Apache Tomcat/10.1.47
09-Nov-2025 21:14:51.718 INFO [main] org.apache.catalina.startup.VersionLoggerListener.log Server built:          Oct 2 2025 12:03:51 UTC
09-Nov-2025 21:14:51.718 INFO [main] org.apache.catalina.startup.VersionLoggerListener.log Server version number: 10.1.47.0
09-Nov-2025 21:14:51.718 INFO [main] org.apache.catalina.startup.VersionLoggerListener.log OS Name:               Windows 11
09-Nov-2025 21:14:51.718 INFO [main] org.apache.catalina.startup.VersionLoggerListener.log OS Version:            10.0
09-Nov-2025 21:14:51.718 INFO [main] org.apache.catalina.startup.VersionLoggerListener.log Architecture:          amd64
09-Nov-2025 21:14:51.719 INFO [main] org.apache.catalina.startup.VersionLoggerListener.log Java Home:             C:\Program Files\Java\jdk-17
09-Nov-2025 21:14:51.719 INFO [main] org.apache.catalina.startup.VersionLoggerListener.log JVM Version:           17.0.12+8-LTS-286
09-Nov-2025 21:14:51.719 INFO [main] org.apache.catalina.startup.VersionLoggerListener.log JVM Vendor:            Oracle Corporation
09-Nov-2025 21:14:51.719 INFO [main] org.apache.catalina.startup.VersionLoggerListener.log CATALINA_BASE:         E:\SWP391_MMO_Project\MMO_Trader_Market
09-Nov-2025 21:14:51.719 INFO [main] org.apache.catalina.startup.VersionLoggerListener.log CATALINA_HOME:         C:\Users\Admin\Desktop\apache-tomcat-10.1.47-windows-x64\apache-tomcat-10.1.47
09-Nov-2025 21:14:51.724 INFO [main] org.apache.catalina.startup.VersionLoggerListener.log Command line argument: --add-opens=java.base/java.lang=ALL-UNNAMED
09-Nov-2025 21:14:51.724 INFO [main] org.apache.catalina.startup.VersionLoggerListener.log Command line argument: --add-opens=java.base/java.io=ALL-UNNAMED
09-Nov-2025 21:14:51.724 INFO [main] org.apache.catalina.startup.VersionLoggerListener.log Command line argument: --add-opens=java.base/java.util=ALL-UNNAMED
09-Nov-2025 21:14:51.724 INFO [main] org.apache.catalina.startup.VersionLoggerListener.log Command line argument: --add-opens=java.base/java.util.concurrent=ALL-UNNAMED
09-Nov-2025 21:14:51.724 INFO [main] org.apache.catalina.startup.VersionLoggerListener.log Command line argument: --add-opens=java.rmi/sun.rmi.transport=ALL-UNNAMED
09-Nov-2025 21:14:51.724 INFO [main] org.apache.catalina.startup.VersionLoggerListener.log Command line argument: -Dcatalina.home=C:\Users\Admin\Desktop\apache-tomcat-10.1.47-windows-x64\apache-tomcat-10.1.47
09-Nov-2025 21:14:51.724 INFO [main] org.apache.catalina.startup.VersionLoggerListener.log Command line argument: -Dcatalina.base=E:\SWP391_MMO_Project\MMO_Trader_Market
09-Nov-2025 21:14:51.724 INFO [main] org.apache.catalina.startup.VersionLoggerListener.log Command line argument: -Djava.io.tmpdir=E:\SWP391_MMO_Project\MMO_Trader_Market\temp
09-Nov-2025 21:14:51.725 INFO [main] org.apache.catalina.startup.VersionLoggerListener.log Command line argument: -Djava.util.logging.config.file=E:\SWP391_MMO_Project\MMO_Trader_Market\conf\logging.properties
09-Nov-2025 21:14:51.725 INFO [main] org.apache.catalina.startup.VersionLoggerListener.log Command line argument: -Djava.util.logging.manager=org.apache.juli.ClassLoaderLogManager
09-Nov-2025 21:14:51.725 INFO [main] org.apache.catalina.startup.VersionLoggerListener.log Command line argument: -javaagent:C:\Program Files\JetBrains\IntelliJ IDEA 2025.2.3\lib\idea_rt.jar=56794
09-Nov-2025 21:14:51.725 INFO [main] org.apache.catalina.startup.VersionLoggerListener.log Command line argument: -Dfile.encoding=UTF-8
09-Nov-2025 21:14:51.730 INFO [main] org.apache.catalina.core.AprLifecycleListener.lifecycleEvent Loaded Apache Tomcat Native library [2.0.9] using APR version [1.7.6].
09-Nov-2025 21:14:51.750 INFO [main] org.apache.catalina.core.AprLifecycleListener.initializeSSL OpenSSL successfully initialized [OpenSSL 3.5.0 8 Apr 2025]
09-Nov-2025 21:14:52.065 INFO [main] org.apache.coyote.AbstractProtocol.init Initializing ProtocolHandler ["http-nio-9999"]
09-Nov-2025 21:14:52.083 INFO [main] org.apache.catalina.startup.Catalina.load Server initialization in [569] milliseconds
09-Nov-2025 21:14:52.126 INFO [main] org.apache.catalina.core.StandardService.startInternal Starting service [Catalina]
09-Nov-2025 21:14:52.127 INFO [main] org.apache.catalina.core.StandardEngine.startInternal Starting Servlet engine: [Apache Tomcat/10.1.47]
09-Nov-2025 21:14:52.138 INFO [main] org.apache.catalina.startup.HostConfig.deployDescriptor Deploying deployment descriptor [E:\SWP391_MMO_Project\MMO_Trader_Market\conf\Catalina\localhost\ROOT.xml]
09-Nov-2025 21:14:52.154 WARNING [main] org.apache.catalina.startup.HostConfig.deployDescriptor The path attribute with value [/MMO_Trader_Market] in deployment descriptor [E:\SWP391_MMO_Project\MMO_Trader_Market\conf\Catalina\localhost\ROOT.xml] has been ignored
09-Nov-2025 21:14:53.618 INFO [main] org.apache.jasper.servlet.TldScanner.scanJars At least one JAR was scanned for TLDs yet contained no TLDs. Enable debug logging for this logger for a complete list of JARs that were scanned but no TLDs were found in them. Skipping unneeded JARs during scanning can improve startup time and JSP compilation time.
09-Nov-2025 21:14:53.742 INFO [main] org.apache.catalina.startup.HostConfig.deployDescriptor Deployment of deployment descriptor [E:\SWP391_MMO_Project\MMO_Trader_Market\conf\Catalina\localhost\ROOT.xml] has finished in [1,604] ms
09-Nov-2025 21:14:53.745 INFO [main] org.apache.coyote.AbstractProtocol.start Starting ProtocolHandler ["http-nio-9999"]
09-Nov-2025 21:14:53.783 INFO [main] org.apache.catalina.startup.Catalina.start Server startup in [1699] milliseconds
09-Nov-2025 21:38:18.908 INFO [Thread-1] org.apache.coyote.AbstractProtocol.pause Pausing ProtocolHandler ["http-nio-9999"]
09-Nov-2025 21:38:19.044 INFO [Thread-1] org.apache.catalina.core.StandardService.stopInternal Stopping service [Catalina]
09-Nov-2025 21:38:19.055 INFO [Thread-1] org.apache.coyote.AbstractProtocol.stop Stopping ProtocolHandler ["http-nio-9999"]
09-Nov-2025 21:38:19.059 INFO [Thread-1] org.apache.coyote.AbstractProtocol.destroy Destroying ProtocolHandler ["http-nio-9999"]
09-Nov-2025 21:38:21.465 INFO [main] org.apache.catalina.startup.VersionLoggerListener.log Server version name:   Apache Tomcat/10.1.47
09-Nov-2025 21:38:21.474 INFO [main] org.apache.catalina.startup.VersionLoggerListener.log Server built:          Oct 2 2025 12:03:51 UTC
09-Nov-2025 21:38:21.474 INFO [main] org.apache.catalina.startup.VersionLoggerListener.log Server version number: 10.1.47.0
09-Nov-2025 21:38:21.474 INFO [main] org.apache.catalina.startup.VersionLoggerListener.log OS Name:               Windows 11
09-Nov-2025 21:38:21.474 INFO [main] org.apache.catalina.startup.VersionLoggerListener.log OS Version:            10.0
09-Nov-2025 21:38:21.475 INFO [main] org.apache.catalina.startup.VersionLoggerListener.log Architecture:          amd64
09-Nov-2025 21:38:21.475 INFO [main] org.apache.catalina.startup.VersionLoggerListener.log Java Home:             C:\Program Files\Java\jdk-17
09-Nov-2025 21:38:21.475 INFO [main] org.apache.catalina.startup.VersionLoggerListener.log JVM Version:           17.0.12+8-LTS-286
09-Nov-2025 21:38:21.475 INFO [main] org.apache.catalina.startup.VersionLoggerListener.log JVM Vendor:            Oracle Corporation
09-Nov-2025 21:38:21.475 INFO [main] org.apache.catalina.startup.VersionLoggerListener.log CATALINA_BASE:         E:\SWP391_MMO_Project\MMO_Trader_Market
09-Nov-2025 21:38:21.475 INFO [main] org.apache.catalina.startup.VersionLoggerListener.log CATALINA_HOME:         C:\Users\Admin\Desktop\apache-tomcat-10.1.47-windows-x64\apache-tomcat-10.1.47
09-Nov-2025 21:38:21.487 INFO [main] org.apache.catalina.startup.VersionLoggerListener.log Command line argument: --add-opens=java.base/java.lang=ALL-UNNAMED
09-Nov-2025 21:38:21.488 INFO [main] org.apache.catalina.startup.VersionLoggerListener.log Command line argument: --add-opens=java.base/java.io=ALL-UNNAMED
09-Nov-2025 21:38:21.488 INFO [main] org.apache.catalina.startup.VersionLoggerListener.log Command line argument: --add-opens=java.base/java.util=ALL-UNNAMED
09-Nov-2025 21:38:21.488 INFO [main] org.apache.catalina.startup.VersionLoggerListener.log Command line argument: --add-opens=java.base/java.util.concurrent=ALL-UNNAMED
09-Nov-2025 21:38:21.488 INFO [main] org.apache.catalina.startup.VersionLoggerListener.log Command line argument: --add-opens=java.rmi/sun.rmi.transport=ALL-UNNAMED
09-Nov-2025 21:38:21.488 INFO [main] org.apache.catalina.startup.VersionLoggerListener.log Command line argument: -Dcatalina.home=C:\Users\Admin\Desktop\apache-tomcat-10.1.47-windows-x64\apache-tomcat-10.1.47
09-Nov-2025 21:38:21.488 INFO [main] org.apache.catalina.startup.VersionLoggerListener.log Command line argument: -Dcatalina.base=E:\SWP391_MMO_Project\MMO_Trader_Market
09-Nov-2025 21:38:21.489 INFO [main] org.apache.catalina.startup.VersionLoggerListener.log Command line argument: -Djava.io.tmpdir=E:\SWP391_MMO_Project\MMO_Trader_Market\temp
09-Nov-2025 21:38:21.489 INFO [main] org.apache.catalina.startup.VersionLoggerListener.log Command line argument: -Djava.util.logging.config.file=E:\SWP391_MMO_Project\MMO_Trader_Market\conf\logging.properties
09-Nov-2025 21:38:21.489 INFO [main] org.apache.catalina.startup.VersionLoggerListener.log Command line argument: -Djava.util.logging.manager=org.apache.juli.ClassLoaderLogManager
09-Nov-2025 21:38:21.489 INFO [main] org.apache.catalina.startup.VersionLoggerListener.log Command line argument: -javaagent:C:\Program Files\JetBrains\IntelliJ IDEA 2025.2.3\lib\idea_rt.jar=55428
09-Nov-2025 21:38:21.489 INFO [main] org.apache.catalina.startup.VersionLoggerListener.log Command line argument: -Dfile.encoding=UTF-8
09-Nov-2025 21:38:21.492 INFO [main] org.apache.catalina.core.AprLifecycleListener.lifecycleEvent Loaded Apache Tomcat Native library [2.0.9] using APR version [1.7.6].
09-Nov-2025 21:38:21.501 INFO [main] org.apache.catalina.core.AprLifecycleListener.initializeSSL OpenSSL successfully initialized [OpenSSL 3.5.0 8 Apr 2025]
09-Nov-2025 21:38:22.672 INFO [main] org.apache.coyote.AbstractProtocol.init Initializing ProtocolHandler ["http-nio-9999"]
09-Nov-2025 21:38:22.700 INFO [main] org.apache.catalina.startup.Catalina.load Server initialization in [1627] milliseconds
09-Nov-2025 21:38:22.792 INFO [main] org.apache.catalina.core.StandardService.startInternal Starting service [Catalina]
09-Nov-2025 21:38:22.793 INFO [main] org.apache.catalina.core.StandardEngine.startInternal Starting Servlet engine: [Apache Tomcat/10.1.47]
09-Nov-2025 21:38:22.817 INFO [main] org.apache.catalina.startup.HostConfig.deployDescriptor Deploying deployment descriptor [E:\SWP391_MMO_Project\MMO_Trader_Market\conf\Catalina\localhost\ROOT.xml]
09-Nov-2025 21:38:22.851 WARNING [main] org.apache.catalina.startup.HostConfig.deployDescriptor The path attribute with value [/MMO_Trader_Market] in deployment descriptor [E:\SWP391_MMO_Project\MMO_Trader_Market\conf\Catalina\localhost\ROOT.xml] has been ignored
09-Nov-2025 21:38:25.508 INFO [main] org.apache.jasper.servlet.TldScanner.scanJars At least one JAR was scanned for TLDs yet contained no TLDs. Enable debug logging for this logger for a complete list of JARs that were scanned but no TLDs were found in them. Skipping unneeded JARs during scanning can improve startup time and JSP compilation time.
09-Nov-2025 21:38:26.030 WARNING [main] org.apache.catalina.util.SessionIdGeneratorBase.createSecureRandom Creation of SecureRandom instance for session ID generation using [SHA1PRNG] took [154] milliseconds.
09-Nov-2025 21:38:26.077 INFO [main] org.apache.catalina.startup.HostConfig.deployDescriptor Deployment of deployment descriptor [E:\SWP391_MMO_Project\MMO_Trader_Market\conf\Catalina\localhost\ROOT.xml] has finished in [3,261] ms
09-Nov-2025 21:38:26.094 INFO [main] org.apache.coyote.AbstractProtocol.start Starting ProtocolHandler ["http-nio-9999"]
09-Nov-2025 21:38:26.164 INFO [main] org.apache.catalina.startup.Catalina.start Server startup in [3462] milliseconds
09-Nov-2025 23:38:22.734 INFO [Thread-1] org.apache.coyote.AbstractProtocol.pause Pausing ProtocolHandler ["http-nio-9999"]
09-Nov-2025 23:38:22.876 INFO [Thread-1] org.apache.catalina.core.StandardService.stopInternal Stopping service [Catalina]
09-Nov-2025 23:38:22.889 INFO [Thread-1] org.apache.coyote.AbstractProtocol.stop Stopping ProtocolHandler ["http-nio-9999"]
09-Nov-2025 23:38:22.906 INFO [Thread-1] org.apache.coyote.AbstractProtocol.destroy Destroying ProtocolHandler ["http-nio-9999"]
09-Nov-2025 23:45:33.623 INFO [main] org.apache.catalina.startup.VersionLoggerListener.log Server version name:   Apache Tomcat/10.1.47
09-Nov-2025 23:45:33.628 INFO [main] org.apache.catalina.startup.VersionLoggerListener.log Server built:          Oct 2 2025 12:03:51 UTC
09-Nov-2025 23:45:33.628 INFO [main] org.apache.catalina.startup.VersionLoggerListener.log Server version number: 10.1.47.0
09-Nov-2025 23:45:33.628 INFO [main] org.apache.catalina.startup.VersionLoggerListener.log OS Name:               Windows 11
09-Nov-2025 23:45:33.628 INFO [main] org.apache.catalina.startup.VersionLoggerListener.log OS Version:            10.0
09-Nov-2025 23:45:33.628 INFO [main] org.apache.catalina.startup.VersionLoggerListener.log Architecture:          amd64
09-Nov-2025 23:45:33.628 INFO [main] org.apache.catalina.startup.VersionLoggerListener.log Java Home:             C:\Program Files\Java\jdk-17
09-Nov-2025 23:45:33.628 INFO [main] org.apache.catalina.startup.VersionLoggerListener.log JVM Version:           17.0.12+8-LTS-286
09-Nov-2025 23:45:33.628 INFO [main] org.apache.catalina.startup.VersionLoggerListener.log JVM Vendor:            Oracle Corporation
09-Nov-2025 23:45:33.628 INFO [main] org.apache.catalina.startup.VersionLoggerListener.log CATALINA_BASE:         E:\SWP391_MMO_Project\MMO_Trader_Market
09-Nov-2025 23:45:33.628 INFO [main] org.apache.catalina.startup.VersionLoggerListener.log CATALINA_HOME:         C:\Users\Admin\Desktop\apache-tomcat-10.1.47-windows-x64\apache-tomcat-10.1.47
09-Nov-2025 23:45:33.637 INFO [main] org.apache.catalina.startup.VersionLoggerListener.log Command line argument: --add-opens=java.base/java.lang=ALL-UNNAMED
09-Nov-2025 23:45:33.637 INFO [main] org.apache.catalina.startup.VersionLoggerListener.log Command line argument: --add-opens=java.base/java.io=ALL-UNNAMED
09-Nov-2025 23:45:33.637 INFO [main] org.apache.catalina.startup.VersionLoggerListener.log Command line argument: --add-opens=java.base/java.util=ALL-UNNAMED
09-Nov-2025 23:45:33.637 INFO [main] org.apache.catalina.startup.VersionLoggerListener.log Command line argument: --add-opens=java.base/java.util.concurrent=ALL-UNNAMED
09-Nov-2025 23:45:33.637 INFO [main] org.apache.catalina.startup.VersionLoggerListener.log Command line argument: --add-opens=java.rmi/sun.rmi.transport=ALL-UNNAMED
09-Nov-2025 23:45:33.637 INFO [main] org.apache.catalina.startup.VersionLoggerListener.log Command line argument: -Dcatalina.home=C:\Users\Admin\Desktop\apache-tomcat-10.1.47-windows-x64\apache-tomcat-10.1.47
09-Nov-2025 23:45:33.637 INFO [main] org.apache.catalina.startup.VersionLoggerListener.log Command line argument: -Dcatalina.base=E:\SWP391_MMO_Project\MMO_Trader_Market
09-Nov-2025 23:45:33.637 INFO [main] org.apache.catalina.startup.VersionLoggerListener.log Command line argument: -Djava.io.tmpdir=E:\SWP391_MMO_Project\MMO_Trader_Market\temp
09-Nov-2025 23:45:33.637 INFO [main] org.apache.catalina.startup.VersionLoggerListener.log Command line argument: -Djava.util.logging.config.file=E:\SWP391_MMO_Project\MMO_Trader_Market\conf\logging.properties
09-Nov-2025 23:45:33.637 INFO [main] org.apache.catalina.startup.VersionLoggerListener.log Command line argument: -Djava.util.logging.manager=org.apache.juli.ClassLoaderLogManager
09-Nov-2025 23:45:33.637 INFO [main] org.apache.catalina.startup.VersionLoggerListener.log Command line argument: -javaagent:C:\Program Files\JetBrains\IntelliJ IDEA 2025.2.3\lib\idea_rt.jar=54722
09-Nov-2025 23:45:33.637 INFO [main] org.apache.catalina.startup.VersionLoggerListener.log Command line argument: -Dfile.encoding=UTF-8
09-Nov-2025 23:45:33.643 INFO [main] org.apache.catalina.core.AprLifecycleListener.lifecycleEvent Loaded Apache Tomcat Native library [2.0.9] using APR version [1.7.6].
09-Nov-2025 23:45:33.654 INFO [main] org.apache.catalina.core.AprLifecycleListener.initializeSSL OpenSSL successfully initialized [OpenSSL 3.5.0 8 Apr 2025]
09-Nov-2025 23:45:33.991 INFO [main] org.apache.coyote.AbstractProtocol.init Initializing ProtocolHandler ["http-nio-9999"]
09-Nov-2025 23:45:34.015 INFO [main] org.apache.catalina.startup.Catalina.load Server initialization in [565] milliseconds
09-Nov-2025 23:45:34.086 INFO [main] org.apache.catalina.core.StandardService.startInternal Starting service [Catalina]
09-Nov-2025 23:45:34.086 INFO [main] org.apache.catalina.core.StandardEngine.startInternal Starting Servlet engine: [Apache Tomcat/10.1.47]
09-Nov-2025 23:45:34.094 INFO [main] org.apache.catalina.startup.HostConfig.deployDescriptor Deploying deployment descriptor [E:\SWP391_MMO_Project\MMO_Trader_Market\conf\Catalina\localhost\ROOT.xml]
09-Nov-2025 23:45:34.116 WARNING [main] org.apache.catalina.startup.HostConfig.deployDescriptor The path attribute with value [/MMO_Trader_Market] in deployment descriptor [E:\SWP391_MMO_Project\MMO_Trader_Market\conf\Catalina\localhost\ROOT.xml] has been ignored
09-Nov-2025 23:45:35.647 INFO [main] org.apache.jasper.servlet.TldScanner.scanJars At least one JAR was scanned for TLDs yet contained no TLDs. Enable debug logging for this logger for a complete list of JARs that were scanned but no TLDs were found in them. Skipping unneeded JARs during scanning can improve startup time and JSP compilation time.
09-Nov-2025 23:45:35.771 INFO [main] org.apache.catalina.startup.HostConfig.deployDescriptor Deployment of deployment descriptor [E:\SWP391_MMO_Project\MMO_Trader_Market\conf\Catalina\localhost\ROOT.xml] has finished in [1,677] ms
09-Nov-2025 23:45:35.775 INFO [main] org.apache.coyote.AbstractProtocol.start Starting ProtocolHandler ["http-nio-9999"]
09-Nov-2025 23:45:35.819 INFO [main] org.apache.catalina.startup.Catalina.start Server startup in [1800] milliseconds
09-Nov-2025 23:45:44.567 SEVERE [http-nio-9999-exec-6] controller.auth.AuthController.doPost Unexpected error during login, errorId=499129dc-1b25-4740-87e0-e7351b37aeb1
	java.lang.NullPointerException: Cannot invoke "java.sql.Connection.prepareStatement(String)" because "conn" is null
		at dao.user.UserDAO.getUserByEmailAnyStatus(UserDAO.java:184)
		at service.UserService.authenticate(UserService.java:89)
		at controller.auth.AuthController.doPost(AuthController.java:113)
		at jakarta.servlet.http.HttpServlet.service(HttpServlet.java:590)
		at jakarta.servlet.http.HttpServlet.service(HttpServlet.java:658)
		at org.apache.catalina.core.ApplicationFilterChain.internalDoFilter(ApplicationFilterChain.java:193)
		at org.apache.catalina.core.ApplicationFilterChain.doFilter(ApplicationFilterChain.java:138)
		at org.apache.tomcat.websocket.server.WsFilter.doFilter(WsFilter.java:51)
		at org.apache.catalina.core.ApplicationFilterChain.internalDoFilter(ApplicationFilterChain.java:162)
		at org.apache.catalina.core.ApplicationFilterChain.doFilter(ApplicationFilterChain.java:138)
		at filter.RememberMeFilter.doFilter(RememberMeFilter.java:53)
		at jakarta.servlet.http.HttpFilter.doFilter(HttpFilter.java:53)
		at org.apache.catalina.core.ApplicationFilterChain.internalDoFilter(ApplicationFilterChain.java:162)
		at org.apache.catalina.core.ApplicationFilterChain.doFilter(ApplicationFilterChain.java:138)
		at org.apache.catalina.core.StandardWrapperValve.invoke(StandardWrapperValve.java:165)
		at org.apache.catalina.core.StandardContextValve.invoke(StandardContextValve.java:88)
		at org.apache.catalina.authenticator.AuthenticatorBase.invoke(AuthenticatorBase.java:482)
		at org.apache.catalina.core.StandardHostValve.invoke(StandardHostValve.java:113)
		at org.apache.catalina.valves.ErrorReportValve.invoke(ErrorReportValve.java:90)
		at org.apache.catalina.valves.AbstractAccessLogValve.invoke(AbstractAccessLogValve.java:664)
		at org.apache.catalina.core.StandardEngineValve.invoke(StandardEngineValve.java:72)
		at org.apache.catalina.connector.CoyoteAdapter.service(CoyoteAdapter.java:342)
		at org.apache.coyote.http11.Http11Processor.service(Http11Processor.java:399)
		at org.apache.coyote.AbstractProcessorLight.process(AbstractProcessorLight.java:63)
		at org.apache.coyote.AbstractProtocol$ConnectionHandler.process(AbstractProtocol.java:903)
		at org.apache.tomcat.util.net.NioEndpoint$SocketProcessor.doRun(NioEndpoint.java:1776)
		at org.apache.tomcat.util.net.SocketProcessorBase.run(SocketProcessorBase.java:52)
		at org.apache.tomcat.util.threads.ThreadPoolExecutor.runWorker(ThreadPoolExecutor.java:975)
		at org.apache.tomcat.util.threads.ThreadPoolExecutor$Worker.run(ThreadPoolExecutor.java:493)
		at org.apache.tomcat.util.threads.TaskThread$WrappingRunnable.run(TaskThread.java:63)
		at java.base/java.lang.Thread.run(Thread.java:842)
09-Nov-2025 23:49:57.164 INFO [Thread-1] org.apache.coyote.AbstractProtocol.pause Pausing ProtocolHandler ["http-nio-9999"]
09-Nov-2025 23:49:57.306 INFO [Thread-1] org.apache.catalina.core.StandardService.stopInternal Stopping service [Catalina]
09-Nov-2025 23:49:57.316 INFO [Thread-1] org.apache.coyote.AbstractProtocol.stop Stopping ProtocolHandler ["http-nio-9999"]
09-Nov-2025 23:49:57.338 INFO [Thread-1] org.apache.coyote.AbstractProtocol.destroy Destroying ProtocolHandler ["http-nio-9999"]
09-Nov-2025 23:52:35.334 INFO [main] org.apache.catalina.startup.VersionLoggerListener.log Server version name:   Apache Tomcat/10.1.47
09-Nov-2025 23:52:35.338 INFO [main] org.apache.catalina.startup.VersionLoggerListener.log Server built:          Oct 2 2025 12:03:51 UTC
09-Nov-2025 23:52:35.339 INFO [main] org.apache.catalina.startup.VersionLoggerListener.log Server version number: 10.1.47.0
09-Nov-2025 23:52:35.339 INFO [main] org.apache.catalina.startup.VersionLoggerListener.log OS Name:               Windows 11
09-Nov-2025 23:52:35.339 INFO [main] org.apache.catalina.startup.VersionLoggerListener.log OS Version:            10.0
09-Nov-2025 23:52:35.339 INFO [main] org.apache.catalina.startup.VersionLoggerListener.log Architecture:          amd64
09-Nov-2025 23:52:35.339 INFO [main] org.apache.catalina.startup.VersionLoggerListener.log Java Home:             C:\Program Files\Java\jdk-17
09-Nov-2025 23:52:35.339 INFO [main] org.apache.catalina.startup.VersionLoggerListener.log JVM Version:           17.0.12+8-LTS-286
09-Nov-2025 23:52:35.339 INFO [main] org.apache.catalina.startup.VersionLoggerListener.log JVM Vendor:            Oracle Corporation
09-Nov-2025 23:52:35.339 INFO [main] org.apache.catalina.startup.VersionLoggerListener.log CATALINA_BASE:         E:\SWP391_MMO_Project\MMO_Trader_Market
09-Nov-2025 23:52:35.340 INFO [main] org.apache.catalina.startup.VersionLoggerListener.log CATALINA_HOME:         C:\Users\Admin\Desktop\apache-tomcat-10.1.47-windows-x64\apache-tomcat-10.1.47
09-Nov-2025 23:52:35.346 INFO [main] org.apache.catalina.startup.VersionLoggerListener.log Command line argument: --add-opens=java.base/java.lang=ALL-UNNAMED
09-Nov-2025 23:52:35.346 INFO [main] org.apache.catalina.startup.VersionLoggerListener.log Command line argument: --add-opens=java.base/java.io=ALL-UNNAMED
09-Nov-2025 23:52:35.346 INFO [main] org.apache.catalina.startup.VersionLoggerListener.log Command line argument: --add-opens=java.base/java.util=ALL-UNNAMED
09-Nov-2025 23:52:35.346 INFO [main] org.apache.catalina.startup.VersionLoggerListener.log Command line argument: --add-opens=java.base/java.util.concurrent=ALL-UNNAMED
09-Nov-2025 23:52:35.346 INFO [main] org.apache.catalina.startup.VersionLoggerListener.log Command line argument: --add-opens=java.rmi/sun.rmi.transport=ALL-UNNAMED
09-Nov-2025 23:52:35.346 INFO [main] org.apache.catalina.startup.VersionLoggerListener.log Command line argument: -Dcatalina.home=C:\Users\Admin\Desktop\apache-tomcat-10.1.47-windows-x64\apache-tomcat-10.1.47
09-Nov-2025 23:52:35.346 INFO [main] org.apache.catalina.startup.VersionLoggerListener.log Command line argument: -Dcatalina.base=E:\SWP391_MMO_Project\MMO_Trader_Market
09-Nov-2025 23:52:35.347 INFO [main] org.apache.catalina.startup.VersionLoggerListener.log Command line argument: -Djava.io.tmpdir=E:\SWP391_MMO_Project\MMO_Trader_Market\temp
09-Nov-2025 23:52:35.347 INFO [main] org.apache.catalina.startup.VersionLoggerListener.log Command line argument: -Djava.util.logging.config.file=E:\SWP391_MMO_Project\MMO_Trader_Market\conf\logging.properties
09-Nov-2025 23:52:35.347 INFO [main] org.apache.catalina.startup.VersionLoggerListener.log Command line argument: -Djava.util.logging.manager=org.apache.juli.ClassLoaderLogManager
09-Nov-2025 23:52:35.347 INFO [main] org.apache.catalina.startup.VersionLoggerListener.log Command line argument: -javaagent:C:\Program Files\JetBrains\IntelliJ IDEA 2025.2.3\lib\idea_rt.jar=55355
09-Nov-2025 23:52:35.347 INFO [main] org.apache.catalina.startup.VersionLoggerListener.log Command line argument: -Dfile.encoding=UTF-8
09-Nov-2025 23:52:35.350 INFO [main] org.apache.catalina.core.AprLifecycleListener.lifecycleEvent Loaded Apache Tomcat Native library [2.0.9] using APR version [1.7.6].
09-Nov-2025 23:52:35.357 INFO [main] org.apache.catalina.core.AprLifecycleListener.initializeSSL OpenSSL successfully initialized [OpenSSL 3.5.0 8 Apr 2025]
09-Nov-2025 23:52:35.655 INFO [main] org.apache.coyote.AbstractProtocol.init Initializing ProtocolHandler ["http-nio-9999"]
09-Nov-2025 23:52:35.670 INFO [main] org.apache.catalina.startup.Catalina.load Server initialization in [469] milliseconds
09-Nov-2025 23:52:35.714 INFO [main] org.apache.catalina.core.StandardService.startInternal Starting service [Catalina]
09-Nov-2025 23:52:35.714 INFO [main] org.apache.catalina.core.StandardEngine.startInternal Starting Servlet engine: [Apache Tomcat/10.1.47]
09-Nov-2025 23:52:35.725 INFO [main] org.apache.catalina.startup.HostConfig.deployDescriptor Deploying deployment descriptor [E:\SWP391_MMO_Project\MMO_Trader_Market\conf\Catalina\localhost\ROOT.xml]
09-Nov-2025 23:52:35.744 WARNING [main] org.apache.catalina.startup.HostConfig.deployDescriptor The path attribute with value [/MMO_Trader_Market] in deployment descriptor [E:\SWP391_MMO_Project\MMO_Trader_Market\conf\Catalina\localhost\ROOT.xml] has been ignored
09-Nov-2025 23:52:37.244 INFO [main] org.apache.jasper.servlet.TldScanner.scanJars At least one JAR was scanned for TLDs yet contained no TLDs. Enable debug logging for this logger for a complete list of JARs that were scanned but no TLDs were found in them. Skipping unneeded JARs during scanning can improve startup time and JSP compilation time.
09-Nov-2025 23:52:37.369 INFO [main] org.apache.catalina.startup.HostConfig.deployDescriptor Deployment of deployment descriptor [E:\SWP391_MMO_Project\MMO_Trader_Market\conf\Catalina\localhost\ROOT.xml] has finished in [1,644] ms
09-Nov-2025 23:52:37.372 INFO [main] org.apache.coyote.AbstractProtocol.start Starting ProtocolHandler ["http-nio-9999"]
09-Nov-2025 23:52:37.410 INFO [main] org.apache.catalina.startup.Catalina.start Server startup in [1741] milliseconds
09-Nov-2025 23:52:39.436 INFO [Thread-1] org.apache.coyote.AbstractProtocol.pause Pausing ProtocolHandler ["http-nio-9999"]
09-Nov-2025 23:52:39.578 INFO [Thread-1] org.apache.catalina.core.StandardService.stopInternal Stopping service [Catalina]
09-Nov-2025 23:52:39.588 WARNING [Thread-1] org.apache.catalina.loader.WebappClassLoaderBase.clearReferencesJdbc The web application [ROOT] registered the JDBC driver [com.mysql.cj.jdbc.Driver] but failed to unregister it when the web application was stopped. To prevent a memory leak, the JDBC Driver has been forcibly unregistered.
09-Nov-2025 23:52:39.592 INFO [Thread-1] org.apache.coyote.AbstractProtocol.stop Stopping ProtocolHandler ["http-nio-9999"]
09-Nov-2025 23:52:39.615 INFO [Thread-1] org.apache.coyote.AbstractProtocol.destroy Destroying ProtocolHandler ["http-nio-9999"]
09-Nov-2025 23:52:40.622 INFO [main] org.apache.catalina.startup.VersionLoggerListener.log Server version name:   Apache Tomcat/10.1.47
09-Nov-2025 23:52:40.626 INFO [main] org.apache.catalina.startup.VersionLoggerListener.log Server built:          Oct 2 2025 12:03:51 UTC
09-Nov-2025 23:52:40.627 INFO [main] org.apache.catalina.startup.VersionLoggerListener.log Server version number: 10.1.47.0
09-Nov-2025 23:52:40.627 INFO [main] org.apache.catalina.startup.VersionLoggerListener.log OS Name:               Windows 11
09-Nov-2025 23:52:40.627 INFO [main] org.apache.catalina.startup.VersionLoggerListener.log OS Version:            10.0
09-Nov-2025 23:52:40.627 INFO [main] org.apache.catalina.startup.VersionLoggerListener.log Architecture:          amd64
09-Nov-2025 23:52:40.627 INFO [main] org.apache.catalina.startup.VersionLoggerListener.log Java Home:             C:\Program Files\Java\jdk-17
09-Nov-2025 23:52:40.627 INFO [main] org.apache.catalina.startup.VersionLoggerListener.log JVM Version:           17.0.12+8-LTS-286
09-Nov-2025 23:52:40.627 INFO [main] org.apache.catalina.startup.VersionLoggerListener.log JVM Vendor:            Oracle Corporation
09-Nov-2025 23:52:40.628 INFO [main] org.apache.catalina.startup.VersionLoggerListener.log CATALINA_BASE:         E:\SWP391_MMO_Project\MMO_Trader_Market
09-Nov-2025 23:52:40.628 INFO [main] org.apache.catalina.startup.VersionLoggerListener.log CATALINA_HOME:         C:\Users\Admin\Desktop\apache-tomcat-10.1.47-windows-x64\apache-tomcat-10.1.47
09-Nov-2025 23:52:40.633 INFO [main] org.apache.catalina.startup.VersionLoggerListener.log Command line argument: --add-opens=java.base/java.lang=ALL-UNNAMED
09-Nov-2025 23:52:40.633 INFO [main] org.apache.catalina.startup.VersionLoggerListener.log Command line argument: --add-opens=java.base/java.io=ALL-UNNAMED
09-Nov-2025 23:52:40.633 INFO [main] org.apache.catalina.startup.VersionLoggerListener.log Command line argument: --add-opens=java.base/java.util=ALL-UNNAMED
09-Nov-2025 23:52:40.633 INFO [main] org.apache.catalina.startup.VersionLoggerListener.log Command line argument: --add-opens=java.base/java.util.concurrent=ALL-UNNAMED
09-Nov-2025 23:52:40.633 INFO [main] org.apache.catalina.startup.VersionLoggerListener.log Command line argument: --add-opens=java.rmi/sun.rmi.transport=ALL-UNNAMED
09-Nov-2025 23:52:40.633 INFO [main] org.apache.catalina.startup.VersionLoggerListener.log Command line argument: -Dcatalina.home=C:\Users\Admin\Desktop\apache-tomcat-10.1.47-windows-x64\apache-tomcat-10.1.47
09-Nov-2025 23:52:40.634 INFO [main] org.apache.catalina.startup.VersionLoggerListener.log Command line argument: -Dcatalina.base=E:\SWP391_MMO_Project\MMO_Trader_Market
09-Nov-2025 23:52:40.634 INFO [main] org.apache.catalina.startup.VersionLoggerListener.log Command line argument: -Djava.io.tmpdir=E:\SWP391_MMO_Project\MMO_Trader_Market\temp
09-Nov-2025 23:52:40.634 INFO [main] org.apache.catalina.startup.VersionLoggerListener.log Command line argument: -Djava.util.logging.config.file=E:\SWP391_MMO_Project\MMO_Trader_Market\conf\logging.properties
09-Nov-2025 23:52:40.634 INFO [main] org.apache.catalina.startup.VersionLoggerListener.log Command line argument: -Djava.util.logging.manager=org.apache.juli.ClassLoaderLogManager
09-Nov-2025 23:52:40.634 INFO [main] org.apache.catalina.startup.VersionLoggerListener.log Command line argument: -javaagent:C:\Program Files\JetBrains\IntelliJ IDEA 2025.2.3\lib\idea_rt.jar=55359
09-Nov-2025 23:52:40.634 INFO [main] org.apache.catalina.startup.VersionLoggerListener.log Command line argument: -Dfile.encoding=UTF-8
09-Nov-2025 23:52:40.641 INFO [main] org.apache.catalina.core.AprLifecycleListener.lifecycleEvent Loaded Apache Tomcat Native library [2.0.9] using APR version [1.7.6].
09-Nov-2025 23:52:40.654 INFO [main] org.apache.catalina.core.AprLifecycleListener.initializeSSL OpenSSL successfully initialized [OpenSSL 3.5.0 8 Apr 2025]
09-Nov-2025 23:52:41.149 INFO [main] org.apache.coyote.AbstractProtocol.init Initializing ProtocolHandler ["http-nio-9999"]
09-Nov-2025 23:52:41.166 INFO [main] org.apache.catalina.startup.Catalina.load Server initialization in [702] milliseconds
09-Nov-2025 23:52:41.203 INFO [main] org.apache.catalina.core.StandardService.startInternal Starting service [Catalina]
09-Nov-2025 23:52:41.203 INFO [main] org.apache.catalina.core.StandardEngine.startInternal Starting Servlet engine: [Apache Tomcat/10.1.47]
09-Nov-2025 23:52:41.216 INFO [main] org.apache.catalina.startup.HostConfig.deployDescriptor Deploying deployment descriptor [E:\SWP391_MMO_Project\MMO_Trader_Market\conf\Catalina\localhost\ROOT.xml]
09-Nov-2025 23:52:41.240 WARNING [main] org.apache.catalina.startup.HostConfig.deployDescriptor The path attribute with value [/MMO_Trader_Market] in deployment descriptor [E:\SWP391_MMO_Project\MMO_Trader_Market\conf\Catalina\localhost\ROOT.xml] has been ignored
09-Nov-2025 23:52:42.617 INFO [main] org.apache.jasper.servlet.TldScanner.scanJars At least one JAR was scanned for TLDs yet contained no TLDs. Enable debug logging for this logger for a complete list of JARs that were scanned but no TLDs were found in them. Skipping unneeded JARs during scanning can improve startup time and JSP compilation time.
09-Nov-2025 23:52:42.732 INFO [main] org.apache.catalina.startup.HostConfig.deployDescriptor Deployment of deployment descriptor [E:\SWP391_MMO_Project\MMO_Trader_Market\conf\Catalina\localhost\ROOT.xml] has finished in [1,515] ms
09-Nov-2025 23:52:42.735 INFO [main] org.apache.coyote.AbstractProtocol.start Starting ProtocolHandler ["http-nio-9999"]
09-Nov-2025 23:52:42.776 INFO [main] org.apache.catalina.startup.Catalina.start Server startup in [1609] milliseconds
09-Nov-2025 23:53:44.696 INFO [Thread-1] org.apache.coyote.AbstractProtocol.pause Pausing ProtocolHandler ["http-nio-9999"]
09-Nov-2025 23:53:44.836 INFO [Thread-1] org.apache.catalina.core.StandardService.stopInternal Stopping service [Catalina]
09-Nov-2025 23:53:44.843 INFO [Thread-1] org.apache.coyote.AbstractProtocol.stop Stopping ProtocolHandler ["http-nio-9999"]
09-Nov-2025 23:53:44.855 INFO [Thread-1] org.apache.coyote.AbstractProtocol.destroy Destroying ProtocolHandler ["http-nio-9999"]
09-Nov-2025 23:54:38.470 INFO [main] org.apache.catalina.startup.VersionLoggerListener.log Server version name:   Apache Tomcat/10.1.47
09-Nov-2025 23:54:38.480 INFO [main] org.apache.catalina.startup.VersionLoggerListener.log Server built:          Oct 2 2025 12:03:51 UTC
09-Nov-2025 23:54:38.481 INFO [main] org.apache.catalina.startup.VersionLoggerListener.log Server version number: 10.1.47.0
09-Nov-2025 23:54:38.481 INFO [main] org.apache.catalina.startup.VersionLoggerListener.log OS Name:               Windows 11
09-Nov-2025 23:54:38.482 INFO [main] org.apache.catalina.startup.VersionLoggerListener.log OS Version:            10.0
09-Nov-2025 23:54:38.482 INFO [main] org.apache.catalina.startup.VersionLoggerListener.log Architecture:          amd64
09-Nov-2025 23:54:38.482 INFO [main] org.apache.catalina.startup.VersionLoggerListener.log Java Home:             C:\Program Files\Java\jdk-17
09-Nov-2025 23:54:38.482 INFO [main] org.apache.catalina.startup.VersionLoggerListener.log JVM Version:           17.0.12+8-LTS-286
09-Nov-2025 23:54:38.482 INFO [main] org.apache.catalina.startup.VersionLoggerListener.log JVM Vendor:            Oracle Corporation
09-Nov-2025 23:54:38.482 INFO [main] org.apache.catalina.startup.VersionLoggerListener.log CATALINA_BASE:         E:\SWP391_MMO_Project\MMO_Trader_Market
09-Nov-2025 23:54:38.482 INFO [main] org.apache.catalina.startup.VersionLoggerListener.log CATALINA_HOME:         C:\Users\Admin\Desktop\apache-tomcat-10.1.47-windows-x64\apache-tomcat-10.1.47
09-Nov-2025 23:54:38.498 INFO [main] org.apache.catalina.startup.VersionLoggerListener.log Command line argument: --add-opens=java.base/java.lang=ALL-UNNAMED
09-Nov-2025 23:54:38.498 INFO [main] org.apache.catalina.startup.VersionLoggerListener.log Command line argument: --add-opens=java.base/java.io=ALL-UNNAMED
09-Nov-2025 23:54:38.498 INFO [main] org.apache.catalina.startup.VersionLoggerListener.log Command line argument: --add-opens=java.base/java.util=ALL-UNNAMED
09-Nov-2025 23:54:38.498 INFO [main] org.apache.catalina.startup.VersionLoggerListener.log Command line argument: --add-opens=java.base/java.util.concurrent=ALL-UNNAMED
09-Nov-2025 23:54:38.498 INFO [main] org.apache.catalina.startup.VersionLoggerListener.log Command line argument: --add-opens=java.rmi/sun.rmi.transport=ALL-UNNAMED
09-Nov-2025 23:54:38.499 INFO [main] org.apache.catalina.startup.VersionLoggerListener.log Command line argument: -Dcatalina.home=C:\Users\Admin\Desktop\apache-tomcat-10.1.47-windows-x64\apache-tomcat-10.1.47
09-Nov-2025 23:54:38.499 INFO [main] org.apache.catalina.startup.VersionLoggerListener.log Command line argument: -Dcatalina.base=E:\SWP391_MMO_Project\MMO_Trader_Market
09-Nov-2025 23:54:38.499 INFO [main] org.apache.catalina.startup.VersionLoggerListener.log Command line argument: -Djava.io.tmpdir=E:\SWP391_MMO_Project\MMO_Trader_Market\temp
09-Nov-2025 23:54:38.500 INFO [main] org.apache.catalina.startup.VersionLoggerListener.log Command line argument: -Djava.util.logging.config.file=E:\SWP391_MMO_Project\MMO_Trader_Market\conf\logging.properties
09-Nov-2025 23:54:38.500 INFO [main] org.apache.catalina.startup.VersionLoggerListener.log Command line argument: -Djava.util.logging.manager=org.apache.juli.ClassLoaderLogManager
09-Nov-2025 23:54:38.500 INFO [main] org.apache.catalina.startup.VersionLoggerListener.log Command line argument: -javaagent:C:\Program Files\JetBrains\IntelliJ IDEA 2025.2.3\lib\idea_rt.jar=51877
09-Nov-2025 23:54:38.500 INFO [main] org.apache.catalina.startup.VersionLoggerListener.log Command line argument: -Dfile.encoding=UTF-8
09-Nov-2025 23:54:38.505 INFO [main] org.apache.catalina.core.AprLifecycleListener.lifecycleEvent Loaded Apache Tomcat Native library [2.0.9] using APR version [1.7.6].
09-Nov-2025 23:54:38.515 INFO [main] org.apache.catalina.core.AprLifecycleListener.initializeSSL OpenSSL successfully initialized [OpenSSL 3.5.0 8 Apr 2025]
09-Nov-2025 23:54:38.905 INFO [main] org.apache.coyote.AbstractProtocol.init Initializing ProtocolHandler ["http-nio-9999"]
09-Nov-2025 23:54:38.922 INFO [main] org.apache.catalina.startup.Catalina.load Server initialization in [675] milliseconds
09-Nov-2025 23:54:38.965 INFO [main] org.apache.catalina.core.StandardService.startInternal Starting service [Catalina]
09-Nov-2025 23:54:38.965 INFO [main] org.apache.catalina.core.StandardEngine.startInternal Starting Servlet engine: [Apache Tomcat/10.1.47]
09-Nov-2025 23:54:38.977 INFO [main] org.apache.catalina.startup.HostConfig.deployDescriptor Deploying deployment descriptor [E:\SWP391_MMO_Project\MMO_Trader_Market\conf\Catalina\localhost\ROOT.xml]
09-Nov-2025 23:54:39.000 WARNING [main] org.apache.catalina.startup.HostConfig.deployDescriptor The path attribute with value [/MMO_Trader_Market] in deployment descriptor [E:\SWP391_MMO_Project\MMO_Trader_Market\conf\Catalina\localhost\ROOT.xml] has been ignored
09-Nov-2025 23:54:40.655 INFO [main] org.apache.jasper.servlet.TldScanner.scanJars At least one JAR was scanned for TLDs yet contained no TLDs. Enable debug logging for this logger for a complete list of JARs that were scanned but no TLDs were found in them. Skipping unneeded JARs during scanning can improve startup time and JSP compilation time.
09-Nov-2025 23:54:40.795 INFO [main] org.apache.catalina.startup.HostConfig.deployDescriptor Deployment of deployment descriptor [E:\SWP391_MMO_Project\MMO_Trader_Market\conf\Catalina\localhost\ROOT.xml] has finished in [1,816] ms
09-Nov-2025 23:54:40.797 INFO [main] org.apache.coyote.AbstractProtocol.start Starting ProtocolHandler ["http-nio-9999"]
09-Nov-2025 23:54:40.845 INFO [main] org.apache.catalina.startup.Catalina.start Server startup in [1923] milliseconds
09-Nov-2025 23:58:12.692 INFO [Thread-1] org.apache.coyote.AbstractProtocol.pause Pausing ProtocolHandler ["http-nio-9999"]
09-Nov-2025 23:58:12.837 INFO [Thread-1] org.apache.catalina.core.StandardService.stopInternal Stopping service [Catalina]
09-Nov-2025 23:58:12.844 INFO [Thread-1] org.apache.coyote.AbstractProtocol.stop Stopping ProtocolHandler ["http-nio-9999"]
09-Nov-2025 23:58:12.849 INFO [Thread-1] org.apache.coyote.AbstractProtocol.destroy Destroying ProtocolHandler ["http-nio-9999"]
09-Nov-2025 23:58:14.258 INFO [main] org.apache.catalina.startup.VersionLoggerListener.log Server version name:   Apache Tomcat/10.1.47
09-Nov-2025 23:58:14.263 INFO [main] org.apache.catalina.startup.VersionLoggerListener.log Server built:          Oct 2 2025 12:03:51 UTC
09-Nov-2025 23:58:14.264 INFO [main] org.apache.catalina.startup.VersionLoggerListener.log Server version number: 10.1.47.0
09-Nov-2025 23:58:14.265 INFO [main] org.apache.catalina.startup.VersionLoggerListener.log OS Name:               Windows 11
09-Nov-2025 23:58:14.265 INFO [main] org.apache.catalina.startup.VersionLoggerListener.log OS Version:            10.0
09-Nov-2025 23:58:14.265 INFO [main] org.apache.catalina.startup.VersionLoggerListener.log Architecture:          amd64
09-Nov-2025 23:58:14.265 INFO [main] org.apache.catalina.startup.VersionLoggerListener.log Java Home:             C:\Program Files\Java\jdk-17
09-Nov-2025 23:58:14.265 INFO [main] org.apache.catalina.startup.VersionLoggerListener.log JVM Version:           17.0.12+8-LTS-286
09-Nov-2025 23:58:14.265 INFO [main] org.apache.catalina.startup.VersionLoggerListener.log JVM Vendor:            Oracle Corporation
09-Nov-2025 23:58:14.265 INFO [main] org.apache.catalina.startup.VersionLoggerListener.log CATALINA_BASE:         E:\SWP391_MMO_Project\MMO_Trader_Market
09-Nov-2025 23:58:14.265 INFO [main] org.apache.catalina.startup.VersionLoggerListener.log CATALINA_HOME:         C:\Users\Admin\Desktop\apache-tomcat-10.1.47-windows-x64\apache-tomcat-10.1.47
09-Nov-2025 23:58:14.274 INFO [main] org.apache.catalina.startup.VersionLoggerListener.log Command line argument: --add-opens=java.base/java.lang=ALL-UNNAMED
09-Nov-2025 23:58:14.274 INFO [main] org.apache.catalina.startup.VersionLoggerListener.log Command line argument: --add-opens=java.base/java.io=ALL-UNNAMED
09-Nov-2025 23:58:14.274 INFO [main] org.apache.catalina.startup.VersionLoggerListener.log Command line argument: --add-opens=java.base/java.util=ALL-UNNAMED
09-Nov-2025 23:58:14.275 INFO [main] org.apache.catalina.startup.VersionLoggerListener.log Command line argument: --add-opens=java.base/java.util.concurrent=ALL-UNNAMED
09-Nov-2025 23:58:14.275 INFO [main] org.apache.catalina.startup.VersionLoggerListener.log Command line argument: --add-opens=java.rmi/sun.rmi.transport=ALL-UNNAMED
09-Nov-2025 23:58:14.275 INFO [main] org.apache.catalina.startup.VersionLoggerListener.log Command line argument: -Dcatalina.home=C:\Users\Admin\Desktop\apache-tomcat-10.1.47-windows-x64\apache-tomcat-10.1.47
09-Nov-2025 23:58:14.275 INFO [main] org.apache.catalina.startup.VersionLoggerListener.log Command line argument: -Dcatalina.base=E:\SWP391_MMO_Project\MMO_Trader_Market
09-Nov-2025 23:58:14.275 INFO [main] org.apache.catalina.startup.VersionLoggerListener.log Command line argument: -Djava.io.tmpdir=E:\SWP391_MMO_Project\MMO_Trader_Market\temp
09-Nov-2025 23:58:14.275 INFO [main] org.apache.catalina.startup.VersionLoggerListener.log Command line argument: -Djava.util.logging.config.file=E:\SWP391_MMO_Project\MMO_Trader_Market\conf\logging.properties
09-Nov-2025 23:58:14.276 INFO [main] org.apache.catalina.startup.VersionLoggerListener.log Command line argument: -Djava.util.logging.manager=org.apache.juli.ClassLoaderLogManager
09-Nov-2025 23:58:14.276 INFO [main] org.apache.catalina.startup.VersionLoggerListener.log Command line argument: -javaagent:C:\Program Files\JetBrains\IntelliJ IDEA 2025.2.3\lib\idea_rt.jar=59814
09-Nov-2025 23:58:14.276 INFO [main] org.apache.catalina.startup.VersionLoggerListener.log Command line argument: -Dfile.encoding=UTF-8
09-Nov-2025 23:58:14.278 INFO [main] org.apache.catalina.core.AprLifecycleListener.lifecycleEvent Loaded Apache Tomcat Native library [2.0.9] using APR version [1.7.6].
09-Nov-2025 23:58:14.283 INFO [main] org.apache.catalina.core.AprLifecycleListener.initializeSSL OpenSSL successfully initialized [OpenSSL 3.5.0 8 Apr 2025]
09-Nov-2025 23:58:14.625 INFO [main] org.apache.coyote.AbstractProtocol.init Initializing ProtocolHandler ["http-nio-9999"]
09-Nov-2025 23:58:14.642 INFO [main] org.apache.catalina.startup.Catalina.load Server initialization in [596] milliseconds
09-Nov-2025 23:58:14.764 INFO [main] org.apache.catalina.core.StandardService.startInternal Starting service [Catalina]
09-Nov-2025 23:58:14.764 INFO [main] org.apache.catalina.core.StandardEngine.startInternal Starting Servlet engine: [Apache Tomcat/10.1.47]
09-Nov-2025 23:58:14.781 INFO [main] org.apache.catalina.startup.HostConfig.deployDescriptor Deploying deployment descriptor [E:\SWP391_MMO_Project\MMO_Trader_Market\conf\Catalina\localhost\ROOT.xml]
09-Nov-2025 23:58:14.813 WARNING [main] org.apache.catalina.startup.HostConfig.deployDescriptor The path attribute with value [/MMO_Trader_Market] in deployment descriptor [E:\SWP391_MMO_Project\MMO_Trader_Market\conf\Catalina\localhost\ROOT.xml] has been ignored
09-Nov-2025 23:58:16.736 INFO [main] org.apache.jasper.servlet.TldScanner.scanJars At least one JAR was scanned for TLDs yet contained no TLDs. Enable debug logging for this logger for a complete list of JARs that were scanned but no TLDs were found in them. Skipping unneeded JARs during scanning can improve startup time and JSP compilation time.
09-Nov-2025 23:58:16.861 INFO [main] org.apache.catalina.startup.HostConfig.deployDescriptor Deployment of deployment descriptor [E:\SWP391_MMO_Project\MMO_Trader_Market\conf\Catalina\localhost\ROOT.xml] has finished in [2,079] ms
09-Nov-2025 23:58:16.865 INFO [main] org.apache.coyote.AbstractProtocol.start Starting ProtocolHandler ["http-nio-9999"]
09-Nov-2025 23:58:16.905 INFO [main] org.apache.catalina.startup.Catalina.start Server startup in [2262] milliseconds
