06-Nov-2025 15:06:31.917 SEVERE [http-nio-9999-exec-5] org.apache.catalina.core.StandardWrapperValve.invoke Servlet.service() for servlet [AdminRouter] in context with path [] threw exception [java.sql.SQLSyntaxErrorException: You have an error in your SQL syntax; check the manual that corresponds to your MySQL server version for the right syntax to use near '.name AS role_name
    FROM users u
    LEFT JOIN roles r ON u.role_id = r.id
  ' at line 3] with root cause
	java.sql.SQLSyntaxErrorException: You have an error in your SQL syntax; check the manual that corresponds to your MySQL server version for the right syntax to use near '.name AS role_name
    FROM users u
    LEFT JOIN roles r ON u.role_id = r.id
  ' at line 3
		at com.mysql.cj.jdbc.exceptions.SQLError.createSQLException(SQLError.java:112)
		at com.mysql.cj.jdbc.exceptions.SQLExceptionsMapping.translateException(SQLExceptionsMapping.java:114)
		at com.mysql.cj.jdbc.ClientPreparedStatement.executeInternal(ClientPreparedStatement.java:990)
		at com.mysql.cj.jdbc.ClientPreparedStatement.executeQuery(ClientPreparedStatement.java:1058)
		at dao.admin.ManageUserDAO.searchUsers(ManageUserDAO.java:100)
		at admin.AdminViewServlet.handleUsers(AdminViewServlet.java:327)
		at admin.AdminViewServlet.doGet(AdminViewServlet.java:294)
		at jakarta.servlet.http.HttpServlet.service(HttpServlet.java:564)
		at jakarta.servlet.http.HttpServlet.service(HttpServlet.java:658)
		at org.apache.catalina.core.ApplicationFilterChain.internalDoFilter(ApplicationFilterChain.java:193)
		at org.apache.catalina.core.ApplicationFilterChain.doFilter(ApplicationFilterChain.java:138)
		at org.apache.tomcat.websocket.server.WsFilter.doFilter(WsFilter.java:51)
		at org.apache.catalina.core.ApplicationFilterChain.internalDoFilter(ApplicationFilterChain.java:162)
		at org.apache.catalina.core.ApplicationFilterChain.doFilter(ApplicationFilterChain.java:138)
		at filter.RememberMeFilter.doFilter(RememberMeFilter.java:53)
		at jakarta.servlet.http.HttpFilter.doFilter(HttpFilter.java:53)
		at org.apache.catalina.core.ApplicationFilterChain.internalDoFilter(ApplicationFilterChain.java:162)
		at org.apache.catalina.core.ApplicationFilterChain.doFilter(ApplicationFilterChain.java:138)
		at org.apache.catalina.core.StandardWrapperValve.invoke(StandardWrapperValve.java:165)
		at org.apache.catalina.core.StandardContextValve.invoke(StandardContextValve.java:88)
		at org.apache.catalina.authenticator.AuthenticatorBase.invoke(AuthenticatorBase.java:482)
		at org.apache.catalina.core.StandardHostValve.invoke(StandardHostValve.java:113)
		at org.apache.catalina.valves.ErrorReportValve.invoke(ErrorReportValve.java:90)
		at org.apache.catalina.valves.AbstractAccessLogValve.invoke(AbstractAccessLogValve.java:664)
		at org.apache.catalina.core.StandardEngineValve.invoke(StandardEngineValve.java:72)
		at org.apache.catalina.connector.CoyoteAdapter.service(CoyoteAdapter.java:342)
		at org.apache.coyote.http11.Http11Processor.service(Http11Processor.java:399)
		at org.apache.coyote.AbstractProcessorLight.process(AbstractProcessorLight.java:63)
		at org.apache.coyote.AbstractProtocol$ConnectionHandler.process(AbstractProtocol.java:903)
		at org.apache.tomcat.util.net.NioEndpoint$SocketProcessor.doRun(NioEndpoint.java:1776)
		at org.apache.tomcat.util.net.SocketProcessorBase.run(SocketProcessorBase.java:52)
		at org.apache.tomcat.util.threads.ThreadPoolExecutor.runWorker(ThreadPoolExecutor.java:975)
		at org.apache.tomcat.util.threads.ThreadPoolExecutor$Worker.run(ThreadPoolExecutor.java:493)
		at org.apache.tomcat.util.threads.TaskThread$WrappingRunnable.run(TaskThread.java:63)
		at java.base/java.lang.Thread.run(Thread.java:842)
06-Nov-2025 15:10:08.200 SEVERE [http-nio-9999-exec-5] org.apache.catalina.core.ApplicationDispatcher.invoke Servlet.service() for servlet [jsp] threw exception
	jakarta.el.PropertyNotFoundException: Property [avatar_url] not found on type [model.Users]
		at jakarta.el.BeanELResolver$BeanProperties.get(BeanELResolver.java:261)
		at jakarta.el.BeanELResolver.property(BeanELResolver.java:330)
		at jakarta.el.BeanELResolver.getValue(BeanELResolver.java:99)
		at org.apache.jasper.el.JasperELResolver.getValue(JasperELResolver.java:128)
		at org.apache.el.parser.AstValue.getValue(AstValue.java:164)
		at org.apache.el.ValueExpressionImpl.getValue(ValueExpressionImpl.java:152)
		at org.apache.jasper.runtime.PageContextImpl.proprietaryEvaluate(PageContextImpl.java:674)
		at org.apache.jsp.WEB_002dINF.views.Admin.pages.users_jsp._jspx_meth_c_005fif_005f0(users_jsp.java:731)
		at org.apache.jsp.WEB_002dINF.views.Admin.pages.users_jsp._jspx_meth_c_005fforEach_005f0(users_jsp.java:672)
		at org.apache.jsp.WEB_002dINF.views.Admin.pages.users_jsp._jspService(users_jsp.java:296)
		at org.apache.jasper.runtime.HttpJspBase.service(HttpJspBase.java:64)
		at jakarta.servlet.http.HttpServlet.service(HttpServlet.java:658)
		at org.apache.jasper.servlet.JspServletWrapper.service(JspServletWrapper.java:434)
		at org.apache.jasper.servlet.JspServlet.serviceJspFile(JspServlet.java:355)
		at org.apache.jasper.servlet.JspServlet.service(JspServlet.java:306)
		at jakarta.servlet.http.HttpServlet.service(HttpServlet.java:658)
		at org.apache.catalina.core.ApplicationFilterChain.internalDoFilter(ApplicationFilterChain.java:193)
		at org.apache.catalina.core.ApplicationFilterChain.doFilter(ApplicationFilterChain.java:138)
		at org.apache.catalina.core.ApplicationDispatcher.invoke(ApplicationDispatcher.java:610)
		at org.apache.catalina.core.ApplicationDispatcher.doInclude(ApplicationDispatcher.java:489)
		at org.apache.catalina.core.ApplicationDispatcher.include(ApplicationDispatcher.java:437)
		at org.apache.jasper.runtime.JspRuntimeLibrary.include(JspRuntimeLibrary.java:902)
		at org.apache.jsp.WEB_002dINF.views.Admin._005flayout_jsp._jspService(_005flayout_jsp.java:246)
		at org.apache.jasper.runtime.HttpJspBase.service(HttpJspBase.java:64)
		at jakarta.servlet.http.HttpServlet.service(HttpServlet.java:658)
		at org.apache.jasper.servlet.JspServletWrapper.service(JspServletWrapper.java:434)
		at org.apache.jasper.servlet.JspServlet.serviceJspFile(JspServlet.java:355)
		at org.apache.jasper.servlet.JspServlet.service(JspServlet.java:306)
		at jakarta.servlet.http.HttpServlet.service(HttpServlet.java:658)
		at org.apache.catalina.core.ApplicationFilterChain.internalDoFilter(ApplicationFilterChain.java:193)
		at org.apache.catalina.core.ApplicationFilterChain.doFilter(ApplicationFilterChain.java:138)
		at org.apache.tomcat.websocket.server.WsFilter.doFilter(WsFilter.java:51)
		at org.apache.catalina.core.ApplicationFilterChain.internalDoFilter(ApplicationFilterChain.java:162)
		at org.apache.catalina.core.ApplicationFilterChain.doFilter(ApplicationFilterChain.java:138)
		at org.apache.catalina.core.ApplicationDispatcher.invoke(ApplicationDispatcher.java:610)
		at org.apache.catalina.core.ApplicationDispatcher.processRequest(ApplicationDispatcher.java:392)
		at org.apache.catalina.core.ApplicationDispatcher.doForward(ApplicationDispatcher.java:321)
		at org.apache.catalina.core.ApplicationDispatcher.forward(ApplicationDispatcher.java:266)
		at admin.AdminViewServlet.handleUsers(AdminViewServlet.java:375)
		at admin.AdminViewServlet.doGet(AdminViewServlet.java:294)
		at jakarta.servlet.http.HttpServlet.service(HttpServlet.java:564)
		at jakarta.servlet.http.HttpServlet.service(HttpServlet.java:658)
		at org.apache.catalina.core.ApplicationFilterChain.internalDoFilter(ApplicationFilterChain.java:193)
		at org.apache.catalina.core.ApplicationFilterChain.doFilter(ApplicationFilterChain.java:138)
		at org.apache.tomcat.websocket.server.WsFilter.doFilter(WsFilter.java:51)
		at org.apache.catalina.core.ApplicationFilterChain.internalDoFilter(ApplicationFilterChain.java:162)
		at org.apache.catalina.core.ApplicationFilterChain.doFilter(ApplicationFilterChain.java:138)
		at filter.RememberMeFilter.doFilter(RememberMeFilter.java:53)
		at jakarta.servlet.http.HttpFilter.doFilter(HttpFilter.java:53)
		at org.apache.catalina.core.ApplicationFilterChain.internalDoFilter(ApplicationFilterChain.java:162)
		at org.apache.catalina.core.ApplicationFilterChain.doFilter(ApplicationFilterChain.java:138)
		at org.apache.catalina.core.StandardWrapperValve.invoke(StandardWrapperValve.java:165)
		at org.apache.catalina.core.StandardContextValve.invoke(StandardContextValve.java:88)
		at org.apache.catalina.authenticator.AuthenticatorBase.invoke(AuthenticatorBase.java:482)
		at org.apache.catalina.core.StandardHostValve.invoke(StandardHostValve.java:113)
		at org.apache.catalina.valves.ErrorReportValve.invoke(ErrorReportValve.java:90)
		at org.apache.catalina.valves.AbstractAccessLogValve.invoke(AbstractAccessLogValve.java:664)
		at org.apache.catalina.core.StandardEngineValve.invoke(StandardEngineValve.java:72)
		at org.apache.catalina.connector.CoyoteAdapter.service(CoyoteAdapter.java:342)
		at org.apache.coyote.http11.Http11Processor.service(Http11Processor.java:399)
		at org.apache.coyote.AbstractProcessorLight.process(AbstractProcessorLight.java:63)
		at org.apache.coyote.AbstractProtocol$ConnectionHandler.process(AbstractProtocol.java:903)
		at org.apache.tomcat.util.net.NioEndpoint$SocketProcessor.doRun(NioEndpoint.java:1776)
		at org.apache.tomcat.util.net.SocketProcessorBase.run(SocketProcessorBase.java:52)
		at org.apache.tomcat.util.threads.ThreadPoolExecutor.runWorker(ThreadPoolExecutor.java:975)
		at org.apache.tomcat.util.threads.ThreadPoolExecutor$Worker.run(ThreadPoolExecutor.java:493)
		at org.apache.tomcat.util.threads.TaskThread$WrappingRunnable.run(TaskThread.java:63)
		at java.base/java.lang.Thread.run(Thread.java:842)
06-Nov-2025 15:10:08.201 SEVERE [http-nio-9999-exec-5] org.apache.catalina.core.ApplicationDispatcher.invoke Servlet.service() for servlet [jsp] threw exception
	jakarta.el.PropertyNotFoundException: Property [avatar_url] not found on type [model.Users]
		at jakarta.el.BeanELResolver$BeanProperties.get(BeanELResolver.java:261)
		at jakarta.el.BeanELResolver.property(BeanELResolver.java:330)
		at jakarta.el.BeanELResolver.getValue(BeanELResolver.java:99)
		at org.apache.jasper.el.JasperELResolver.getValue(JasperELResolver.java:128)
		at org.apache.el.parser.AstValue.getValue(AstValue.java:164)
		at org.apache.el.ValueExpressionImpl.getValue(ValueExpressionImpl.java:152)
		at org.apache.jasper.runtime.PageContextImpl.proprietaryEvaluate(PageContextImpl.java:674)
		at org.apache.jsp.WEB_002dINF.views.Admin.pages.users_jsp._jspx_meth_c_005fif_005f0(users_jsp.java:731)
		at org.apache.jsp.WEB_002dINF.views.Admin.pages.users_jsp._jspx_meth_c_005fforEach_005f0(users_jsp.java:672)
		at org.apache.jsp.WEB_002dINF.views.Admin.pages.users_jsp._jspService(users_jsp.java:296)
		at org.apache.jasper.runtime.HttpJspBase.service(HttpJspBase.java:64)
		at jakarta.servlet.http.HttpServlet.service(HttpServlet.java:658)
		at org.apache.jasper.servlet.JspServletWrapper.service(JspServletWrapper.java:434)
		at org.apache.jasper.servlet.JspServlet.serviceJspFile(JspServlet.java:355)
		at org.apache.jasper.servlet.JspServlet.service(JspServlet.java:306)
		at jakarta.servlet.http.HttpServlet.service(HttpServlet.java:658)
		at org.apache.catalina.core.ApplicationFilterChain.internalDoFilter(ApplicationFilterChain.java:193)
		at org.apache.catalina.core.ApplicationFilterChain.doFilter(ApplicationFilterChain.java:138)
		at org.apache.catalina.core.ApplicationDispatcher.invoke(ApplicationDispatcher.java:610)
		at org.apache.catalina.core.ApplicationDispatcher.doInclude(ApplicationDispatcher.java:489)
		at org.apache.catalina.core.ApplicationDispatcher.include(ApplicationDispatcher.java:437)
		at org.apache.jasper.runtime.JspRuntimeLibrary.include(JspRuntimeLibrary.java:902)
		at org.apache.jsp.WEB_002dINF.views.Admin._005flayout_jsp._jspService(_005flayout_jsp.java:246)
		at org.apache.jasper.runtime.HttpJspBase.service(HttpJspBase.java:64)
		at jakarta.servlet.http.HttpServlet.service(HttpServlet.java:658)
		at org.apache.jasper.servlet.JspServletWrapper.service(JspServletWrapper.java:434)
		at org.apache.jasper.servlet.JspServlet.serviceJspFile(JspServlet.java:355)
		at org.apache.jasper.servlet.JspServlet.service(JspServlet.java:306)
		at jakarta.servlet.http.HttpServlet.service(HttpServlet.java:658)
		at org.apache.catalina.core.ApplicationFilterChain.internalDoFilter(ApplicationFilterChain.java:193)
		at org.apache.catalina.core.ApplicationFilterChain.doFilter(ApplicationFilterChain.java:138)
		at org.apache.tomcat.websocket.server.WsFilter.doFilter(WsFilter.java:51)
		at org.apache.catalina.core.ApplicationFilterChain.internalDoFilter(ApplicationFilterChain.java:162)
		at org.apache.catalina.core.ApplicationFilterChain.doFilter(ApplicationFilterChain.java:138)
		at org.apache.catalina.core.ApplicationDispatcher.invoke(ApplicationDispatcher.java:610)
		at org.apache.catalina.core.ApplicationDispatcher.processRequest(ApplicationDispatcher.java:392)
		at org.apache.catalina.core.ApplicationDispatcher.doForward(ApplicationDispatcher.java:321)
		at org.apache.catalina.core.ApplicationDispatcher.forward(ApplicationDispatcher.java:266)
		at admin.AdminViewServlet.handleUsers(AdminViewServlet.java:375)
		at admin.AdminViewServlet.doGet(AdminViewServlet.java:294)
		at jakarta.servlet.http.HttpServlet.service(HttpServlet.java:564)
		at jakarta.servlet.http.HttpServlet.service(HttpServlet.java:658)
		at org.apache.catalina.core.ApplicationFilterChain.internalDoFilter(ApplicationFilterChain.java:193)
		at org.apache.catalina.core.ApplicationFilterChain.doFilter(ApplicationFilterChain.java:138)
		at org.apache.tomcat.websocket.server.WsFilter.doFilter(WsFilter.java:51)
		at org.apache.catalina.core.ApplicationFilterChain.internalDoFilter(ApplicationFilterChain.java:162)
		at org.apache.catalina.core.ApplicationFilterChain.doFilter(ApplicationFilterChain.java:138)
		at filter.RememberMeFilter.doFilter(RememberMeFilter.java:53)
		at jakarta.servlet.http.HttpFilter.doFilter(HttpFilter.java:53)
		at org.apache.catalina.core.ApplicationFilterChain.internalDoFilter(ApplicationFilterChain.java:162)
		at org.apache.catalina.core.ApplicationFilterChain.doFilter(ApplicationFilterChain.java:138)
		at org.apache.catalina.core.StandardWrapperValve.invoke(StandardWrapperValve.java:165)
		at org.apache.catalina.core.StandardContextValve.invoke(StandardContextValve.java:88)
		at org.apache.catalina.authenticator.AuthenticatorBase.invoke(AuthenticatorBase.java:482)
		at org.apache.catalina.core.StandardHostValve.invoke(StandardHostValve.java:113)
		at org.apache.catalina.valves.ErrorReportValve.invoke(ErrorReportValve.java:90)
		at org.apache.catalina.valves.AbstractAccessLogValve.invoke(AbstractAccessLogValve.java:664)
		at org.apache.catalina.core.StandardEngineValve.invoke(StandardEngineValve.java:72)
		at org.apache.catalina.connector.CoyoteAdapter.service(CoyoteAdapter.java:342)
		at org.apache.coyote.http11.Http11Processor.service(Http11Processor.java:399)
		at org.apache.coyote.AbstractProcessorLight.process(AbstractProcessorLight.java:63)
		at org.apache.coyote.AbstractProtocol$ConnectionHandler.process(AbstractProtocol.java:903)
		at org.apache.tomcat.util.net.NioEndpoint$SocketProcessor.doRun(NioEndpoint.java:1776)
		at org.apache.tomcat.util.net.SocketProcessorBase.run(SocketProcessorBase.java:52)
		at org.apache.tomcat.util.threads.ThreadPoolExecutor.runWorker(ThreadPoolExecutor.java:975)
		at org.apache.tomcat.util.threads.ThreadPoolExecutor$Worker.run(ThreadPoolExecutor.java:493)
		at org.apache.tomcat.util.threads.TaskThread$WrappingRunnable.run(TaskThread.java:63)
		at java.base/java.lang.Thread.run(Thread.java:842)
06-Nov-2025 15:10:08.201 SEVERE [http-nio-9999-exec-5] org.apache.catalina.core.StandardWrapperValve.invoke Servlet.service() for servlet [AdminRouter] in context with path [] threw exception [jakarta.el.PropertyNotFoundException: Property [avatar_url] not found on type [model.Users]] with root cause
	jakarta.el.PropertyNotFoundException: Property [avatar_url] not found on type [model.Users]
		at jakarta.el.BeanELResolver$BeanProperties.get(BeanELResolver.java:261)
		at jakarta.el.BeanELResolver.property(BeanELResolver.java:330)
		at jakarta.el.BeanELResolver.getValue(BeanELResolver.java:99)
		at org.apache.jasper.el.JasperELResolver.getValue(JasperELResolver.java:128)
		at org.apache.el.parser.AstValue.getValue(AstValue.java:164)
		at org.apache.el.ValueExpressionImpl.getValue(ValueExpressionImpl.java:152)
		at org.apache.jasper.runtime.PageContextImpl.proprietaryEvaluate(PageContextImpl.java:674)
		at org.apache.jsp.WEB_002dINF.views.Admin.pages.users_jsp._jspx_meth_c_005fif_005f0(users_jsp.java:731)
		at org.apache.jsp.WEB_002dINF.views.Admin.pages.users_jsp._jspx_meth_c_005fforEach_005f0(users_jsp.java:672)
		at org.apache.jsp.WEB_002dINF.views.Admin.pages.users_jsp._jspService(users_jsp.java:296)
		at org.apache.jasper.runtime.HttpJspBase.service(HttpJspBase.java:64)
		at jakarta.servlet.http.HttpServlet.service(HttpServlet.java:658)
		at org.apache.jasper.servlet.JspServletWrapper.service(JspServletWrapper.java:434)
		at org.apache.jasper.servlet.JspServlet.serviceJspFile(JspServlet.java:355)
		at org.apache.jasper.servlet.JspServlet.service(JspServlet.java:306)
		at jakarta.servlet.http.HttpServlet.service(HttpServlet.java:658)
		at org.apache.catalina.core.ApplicationFilterChain.internalDoFilter(ApplicationFilterChain.java:193)
		at org.apache.catalina.core.ApplicationFilterChain.doFilter(ApplicationFilterChain.java:138)
		at org.apache.catalina.core.ApplicationDispatcher.invoke(ApplicationDispatcher.java:610)
		at org.apache.catalina.core.ApplicationDispatcher.doInclude(ApplicationDispatcher.java:489)
		at org.apache.catalina.core.ApplicationDispatcher.include(ApplicationDispatcher.java:437)
		at org.apache.jasper.runtime.JspRuntimeLibrary.include(JspRuntimeLibrary.java:902)
		at org.apache.jsp.WEB_002dINF.views.Admin._005flayout_jsp._jspService(_005flayout_jsp.java:246)
		at org.apache.jasper.runtime.HttpJspBase.service(HttpJspBase.java:64)
		at jakarta.servlet.http.HttpServlet.service(HttpServlet.java:658)
		at org.apache.jasper.servlet.JspServletWrapper.service(JspServletWrapper.java:434)
		at org.apache.jasper.servlet.JspServlet.serviceJspFile(JspServlet.java:355)
		at org.apache.jasper.servlet.JspServlet.service(JspServlet.java:306)
		at jakarta.servlet.http.HttpServlet.service(HttpServlet.java:658)
		at org.apache.catalina.core.ApplicationFilterChain.internalDoFilter(ApplicationFilterChain.java:193)
		at org.apache.catalina.core.ApplicationFilterChain.doFilter(ApplicationFilterChain.java:138)
		at org.apache.tomcat.websocket.server.WsFilter.doFilter(WsFilter.java:51)
		at org.apache.catalina.core.ApplicationFilterChain.internalDoFilter(ApplicationFilterChain.java:162)
		at org.apache.catalina.core.ApplicationFilterChain.doFilter(ApplicationFilterChain.java:138)
		at org.apache.catalina.core.ApplicationDispatcher.invoke(ApplicationDispatcher.java:610)
		at org.apache.catalina.core.ApplicationDispatcher.processRequest(ApplicationDispatcher.java:392)
		at org.apache.catalina.core.ApplicationDispatcher.doForward(ApplicationDispatcher.java:321)
		at org.apache.catalina.core.ApplicationDispatcher.forward(ApplicationDispatcher.java:266)
		at admin.AdminViewServlet.handleUsers(AdminViewServlet.java:375)
		at admin.AdminViewServlet.doGet(AdminViewServlet.java:294)
		at jakarta.servlet.http.HttpServlet.service(HttpServlet.java:564)
		at jakarta.servlet.http.HttpServlet.service(HttpServlet.java:658)
		at org.apache.catalina.core.ApplicationFilterChain.internalDoFilter(ApplicationFilterChain.java:193)
		at org.apache.catalina.core.ApplicationFilterChain.doFilter(ApplicationFilterChain.java:138)
		at org.apache.tomcat.websocket.server.WsFilter.doFilter(WsFilter.java:51)
		at org.apache.catalina.core.ApplicationFilterChain.internalDoFilter(ApplicationFilterChain.java:162)
		at org.apache.catalina.core.ApplicationFilterChain.doFilter(ApplicationFilterChain.java:138)
		at filter.RememberMeFilter.doFilter(RememberMeFilter.java:53)
		at jakarta.servlet.http.HttpFilter.doFilter(HttpFilter.java:53)
		at org.apache.catalina.core.ApplicationFilterChain.internalDoFilter(ApplicationFilterChain.java:162)
		at org.apache.catalina.core.ApplicationFilterChain.doFilter(ApplicationFilterChain.java:138)
		at org.apache.catalina.core.StandardWrapperValve.invoke(StandardWrapperValve.java:165)
		at org.apache.catalina.core.StandardContextValve.invoke(StandardContextValve.java:88)
		at org.apache.catalina.authenticator.AuthenticatorBase.invoke(AuthenticatorBase.java:482)
		at org.apache.catalina.core.StandardHostValve.invoke(StandardHostValve.java:113)
		at org.apache.catalina.valves.ErrorReportValve.invoke(ErrorReportValve.java:90)
		at org.apache.catalina.valves.AbstractAccessLogValve.invoke(AbstractAccessLogValve.java:664)
		at org.apache.catalina.core.StandardEngineValve.invoke(StandardEngineValve.java:72)
		at org.apache.catalina.connector.CoyoteAdapter.service(CoyoteAdapter.java:342)
		at org.apache.coyote.http11.Http11Processor.service(Http11Processor.java:399)
		at org.apache.coyote.AbstractProcessorLight.process(AbstractProcessorLight.java:63)
		at org.apache.coyote.AbstractProtocol$ConnectionHandler.process(AbstractProtocol.java:903)
		at org.apache.tomcat.util.net.NioEndpoint$SocketProcessor.doRun(NioEndpoint.java:1776)
		at org.apache.tomcat.util.net.SocketProcessorBase.run(SocketProcessorBase.java:52)
		at org.apache.tomcat.util.threads.ThreadPoolExecutor.runWorker(ThreadPoolExecutor.java:975)
		at org.apache.tomcat.util.threads.ThreadPoolExecutor$Worker.run(ThreadPoolExecutor.java:493)
		at org.apache.tomcat.util.threads.TaskThread$WrappingRunnable.run(TaskThread.java:63)
		at java.base/java.lang.Thread.run(Thread.java:842)
06-Nov-2025 17:37:14.744 SEVERE [http-nio-9999-exec-1] org.apache.catalina.core.ApplicationDispatcher.invoke Servlet.service() for servlet [jsp] threw exception
	jakarta.el.PropertyNotFoundException: Property [avatar_url] not found on type [model.Users]
		at jakarta.el.BeanELResolver$BeanProperties.get(BeanELResolver.java:261)
		at jakarta.el.BeanELResolver.property(BeanELResolver.java:330)
		at jakarta.el.BeanELResolver.getValue(BeanELResolver.java:99)
		at org.apache.jasper.el.JasperELResolver.getValue(JasperELResolver.java:128)
		at org.apache.el.parser.AstValue.getValue(AstValue.java:164)
		at org.apache.el.ValueExpressionImpl.getValue(ValueExpressionImpl.java:152)
		at org.apache.jasper.runtime.PageContextImpl.proprietaryEvaluate(PageContextImpl.java:674)
		at org.apache.jsp.WEB_002dINF.views.Admin.pages.users_jsp._jspx_meth_c_005fif_005f0(users_jsp.java:731)
		at org.apache.jsp.WEB_002dINF.views.Admin.pages.users_jsp._jspx_meth_c_005fforEach_005f0(users_jsp.java:672)
		at org.apache.jsp.WEB_002dINF.views.Admin.pages.users_jsp._jspService(users_jsp.java:296)
		at org.apache.jasper.runtime.HttpJspBase.service(HttpJspBase.java:64)
		at jakarta.servlet.http.HttpServlet.service(HttpServlet.java:658)
		at org.apache.jasper.servlet.JspServletWrapper.service(JspServletWrapper.java:434)
		at org.apache.jasper.servlet.JspServlet.serviceJspFile(JspServlet.java:355)
		at org.apache.jasper.servlet.JspServlet.service(JspServlet.java:306)
		at jakarta.servlet.http.HttpServlet.service(HttpServlet.java:658)
		at org.apache.catalina.core.ApplicationFilterChain.internalDoFilter(ApplicationFilterChain.java:193)
		at org.apache.catalina.core.ApplicationFilterChain.doFilter(ApplicationFilterChain.java:138)
		at org.apache.catalina.core.ApplicationDispatcher.invoke(ApplicationDispatcher.java:610)
		at org.apache.catalina.core.ApplicationDispatcher.doInclude(ApplicationDispatcher.java:489)
		at org.apache.catalina.core.ApplicationDispatcher.include(ApplicationDispatcher.java:437)
		at org.apache.jasper.runtime.JspRuntimeLibrary.include(JspRuntimeLibrary.java:902)
		at org.apache.jsp.WEB_002dINF.views.Admin._005flayout_jsp._jspService(_005flayout_jsp.java:246)
		at org.apache.jasper.runtime.HttpJspBase.service(HttpJspBase.java:64)
		at jakarta.servlet.http.HttpServlet.service(HttpServlet.java:658)
		at org.apache.jasper.servlet.JspServletWrapper.service(JspServletWrapper.java:434)
		at org.apache.jasper.servlet.JspServlet.serviceJspFile(JspServlet.java:355)
		at org.apache.jasper.servlet.JspServlet.service(JspServlet.java:306)
		at jakarta.servlet.http.HttpServlet.service(HttpServlet.java:658)
		at org.apache.catalina.core.ApplicationFilterChain.internalDoFilter(ApplicationFilterChain.java:193)
		at org.apache.catalina.core.ApplicationFilterChain.doFilter(ApplicationFilterChain.java:138)
		at org.apache.tomcat.websocket.server.WsFilter.doFilter(WsFilter.java:51)
		at org.apache.catalina.core.ApplicationFilterChain.internalDoFilter(ApplicationFilterChain.java:162)
		at org.apache.catalina.core.ApplicationFilterChain.doFilter(ApplicationFilterChain.java:138)
		at org.apache.catalina.core.ApplicationDispatcher.invoke(ApplicationDispatcher.java:610)
		at org.apache.catalina.core.ApplicationDispatcher.processRequest(ApplicationDispatcher.java:392)
		at org.apache.catalina.core.ApplicationDispatcher.doForward(ApplicationDispatcher.java:321)
		at org.apache.catalina.core.ApplicationDispatcher.forward(ApplicationDispatcher.java:266)
		at admin.AdminViewServlet.handleUsers(AdminViewServlet.java:375)
		at admin.AdminViewServlet.doGet(AdminViewServlet.java:294)
		at jakarta.servlet.http.HttpServlet.service(HttpServlet.java:564)
		at jakarta.servlet.http.HttpServlet.service(HttpServlet.java:658)
		at org.apache.catalina.core.ApplicationFilterChain.internalDoFilter(ApplicationFilterChain.java:193)
		at org.apache.catalina.core.ApplicationFilterChain.doFilter(ApplicationFilterChain.java:138)
		at org.apache.tomcat.websocket.server.WsFilter.doFilter(WsFilter.java:51)
		at org.apache.catalina.core.ApplicationFilterChain.internalDoFilter(ApplicationFilterChain.java:162)
		at org.apache.catalina.core.ApplicationFilterChain.doFilter(ApplicationFilterChain.java:138)
		at filter.RememberMeFilter.doFilter(RememberMeFilter.java:53)
		at jakarta.servlet.http.HttpFilter.doFilter(HttpFilter.java:53)
		at org.apache.catalina.core.ApplicationFilterChain.internalDoFilter(ApplicationFilterChain.java:162)
		at org.apache.catalina.core.ApplicationFilterChain.doFilter(ApplicationFilterChain.java:138)
		at org.apache.catalina.core.StandardWrapperValve.invoke(StandardWrapperValve.java:165)
		at org.apache.catalina.core.StandardContextValve.invoke(StandardContextValve.java:88)
		at org.apache.catalina.authenticator.AuthenticatorBase.invoke(AuthenticatorBase.java:482)
		at org.apache.catalina.core.StandardHostValve.invoke(StandardHostValve.java:113)
		at org.apache.catalina.valves.ErrorReportValve.invoke(ErrorReportValve.java:90)
		at org.apache.catalina.valves.AbstractAccessLogValve.invoke(AbstractAccessLogValve.java:664)
		at org.apache.catalina.core.StandardEngineValve.invoke(StandardEngineValve.java:72)
		at org.apache.catalina.connector.CoyoteAdapter.service(CoyoteAdapter.java:342)
		at org.apache.coyote.http11.Http11Processor.service(Http11Processor.java:399)
		at org.apache.coyote.AbstractProcessorLight.process(AbstractProcessorLight.java:63)
		at org.apache.coyote.AbstractProtocol$ConnectionHandler.process(AbstractProtocol.java:903)
		at org.apache.tomcat.util.net.NioEndpoint$SocketProcessor.doRun(NioEndpoint.java:1776)
		at org.apache.tomcat.util.net.SocketProcessorBase.run(SocketProcessorBase.java:52)
		at org.apache.tomcat.util.threads.ThreadPoolExecutor.runWorker(ThreadPoolExecutor.java:975)
		at org.apache.tomcat.util.threads.ThreadPoolExecutor$Worker.run(ThreadPoolExecutor.java:493)
		at org.apache.tomcat.util.threads.TaskThread$WrappingRunnable.run(TaskThread.java:63)
		at java.base/java.lang.Thread.run(Thread.java:842)
06-Nov-2025 17:37:14.744 SEVERE [http-nio-9999-exec-1] org.apache.catalina.core.ApplicationDispatcher.invoke Servlet.service() for servlet [jsp] threw exception
	jakarta.el.PropertyNotFoundException: Property [avatar_url] not found on type [model.Users]
		at jakarta.el.BeanELResolver$BeanProperties.get(BeanELResolver.java:261)
		at jakarta.el.BeanELResolver.property(BeanELResolver.java:330)
		at jakarta.el.BeanELResolver.getValue(BeanELResolver.java:99)
		at org.apache.jasper.el.JasperELResolver.getValue(JasperELResolver.java:128)
		at org.apache.el.parser.AstValue.getValue(AstValue.java:164)
		at org.apache.el.ValueExpressionImpl.getValue(ValueExpressionImpl.java:152)
		at org.apache.jasper.runtime.PageContextImpl.proprietaryEvaluate(PageContextImpl.java:674)
		at org.apache.jsp.WEB_002dINF.views.Admin.pages.users_jsp._jspx_meth_c_005fif_005f0(users_jsp.java:731)
		at org.apache.jsp.WEB_002dINF.views.Admin.pages.users_jsp._jspx_meth_c_005fforEach_005f0(users_jsp.java:672)
		at org.apache.jsp.WEB_002dINF.views.Admin.pages.users_jsp._jspService(users_jsp.java:296)
		at org.apache.jasper.runtime.HttpJspBase.service(HttpJspBase.java:64)
		at jakarta.servlet.http.HttpServlet.service(HttpServlet.java:658)
		at org.apache.jasper.servlet.JspServletWrapper.service(JspServletWrapper.java:434)
		at org.apache.jasper.servlet.JspServlet.serviceJspFile(JspServlet.java:355)
		at org.apache.jasper.servlet.JspServlet.service(JspServlet.java:306)
		at jakarta.servlet.http.HttpServlet.service(HttpServlet.java:658)
		at org.apache.catalina.core.ApplicationFilterChain.internalDoFilter(ApplicationFilterChain.java:193)
		at org.apache.catalina.core.ApplicationFilterChain.doFilter(ApplicationFilterChain.java:138)
		at org.apache.catalina.core.ApplicationDispatcher.invoke(ApplicationDispatcher.java:610)
		at org.apache.catalina.core.ApplicationDispatcher.doInclude(ApplicationDispatcher.java:489)
		at org.apache.catalina.core.ApplicationDispatcher.include(ApplicationDispatcher.java:437)
		at org.apache.jasper.runtime.JspRuntimeLibrary.include(JspRuntimeLibrary.java:902)
		at org.apache.jsp.WEB_002dINF.views.Admin._005flayout_jsp._jspService(_005flayout_jsp.java:246)
		at org.apache.jasper.runtime.HttpJspBase.service(HttpJspBase.java:64)
		at jakarta.servlet.http.HttpServlet.service(HttpServlet.java:658)
		at org.apache.jasper.servlet.JspServletWrapper.service(JspServletWrapper.java:434)
		at org.apache.jasper.servlet.JspServlet.serviceJspFile(JspServlet.java:355)
		at org.apache.jasper.servlet.JspServlet.service(JspServlet.java:306)
		at jakarta.servlet.http.HttpServlet.service(HttpServlet.java:658)
		at org.apache.catalina.core.ApplicationFilterChain.internalDoFilter(ApplicationFilterChain.java:193)
		at org.apache.catalina.core.ApplicationFilterChain.doFilter(ApplicationFilterChain.java:138)
		at org.apache.tomcat.websocket.server.WsFilter.doFilter(WsFilter.java:51)
		at org.apache.catalina.core.ApplicationFilterChain.internalDoFilter(ApplicationFilterChain.java:162)
		at org.apache.catalina.core.ApplicationFilterChain.doFilter(ApplicationFilterChain.java:138)
		at org.apache.catalina.core.ApplicationDispatcher.invoke(ApplicationDispatcher.java:610)
		at org.apache.catalina.core.ApplicationDispatcher.processRequest(ApplicationDispatcher.java:392)
		at org.apache.catalina.core.ApplicationDispatcher.doForward(ApplicationDispatcher.java:321)
		at org.apache.catalina.core.ApplicationDispatcher.forward(ApplicationDispatcher.java:266)
		at admin.AdminViewServlet.handleUsers(AdminViewServlet.java:375)
		at admin.AdminViewServlet.doGet(AdminViewServlet.java:294)
		at jakarta.servlet.http.HttpServlet.service(HttpServlet.java:564)
		at jakarta.servlet.http.HttpServlet.service(HttpServlet.java:658)
		at org.apache.catalina.core.ApplicationFilterChain.internalDoFilter(ApplicationFilterChain.java:193)
		at org.apache.catalina.core.ApplicationFilterChain.doFilter(ApplicationFilterChain.java:138)
		at org.apache.tomcat.websocket.server.WsFilter.doFilter(WsFilter.java:51)
		at org.apache.catalina.core.ApplicationFilterChain.internalDoFilter(ApplicationFilterChain.java:162)
		at org.apache.catalina.core.ApplicationFilterChain.doFilter(ApplicationFilterChain.java:138)
		at filter.RememberMeFilter.doFilter(RememberMeFilter.java:53)
		at jakarta.servlet.http.HttpFilter.doFilter(HttpFilter.java:53)
		at org.apache.catalina.core.ApplicationFilterChain.internalDoFilter(ApplicationFilterChain.java:162)
		at org.apache.catalina.core.ApplicationFilterChain.doFilter(ApplicationFilterChain.java:138)
		at org.apache.catalina.core.StandardWrapperValve.invoke(StandardWrapperValve.java:165)
		at org.apache.catalina.core.StandardContextValve.invoke(StandardContextValve.java:88)
		at org.apache.catalina.authenticator.AuthenticatorBase.invoke(AuthenticatorBase.java:482)
		at org.apache.catalina.core.StandardHostValve.invoke(StandardHostValve.java:113)
		at org.apache.catalina.valves.ErrorReportValve.invoke(ErrorReportValve.java:90)
		at org.apache.catalina.valves.AbstractAccessLogValve.invoke(AbstractAccessLogValve.java:664)
		at org.apache.catalina.core.StandardEngineValve.invoke(StandardEngineValve.java:72)
		at org.apache.catalina.connector.CoyoteAdapter.service(CoyoteAdapter.java:342)
		at org.apache.coyote.http11.Http11Processor.service(Http11Processor.java:399)
		at org.apache.coyote.AbstractProcessorLight.process(AbstractProcessorLight.java:63)
		at org.apache.coyote.AbstractProtocol$ConnectionHandler.process(AbstractProtocol.java:903)
		at org.apache.tomcat.util.net.NioEndpoint$SocketProcessor.doRun(NioEndpoint.java:1776)
		at org.apache.tomcat.util.net.SocketProcessorBase.run(SocketProcessorBase.java:52)
		at org.apache.tomcat.util.threads.ThreadPoolExecutor.runWorker(ThreadPoolExecutor.java:975)
		at org.apache.tomcat.util.threads.ThreadPoolExecutor$Worker.run(ThreadPoolExecutor.java:493)
		at org.apache.tomcat.util.threads.TaskThread$WrappingRunnable.run(TaskThread.java:63)
		at java.base/java.lang.Thread.run(Thread.java:842)
06-Nov-2025 17:37:14.744 SEVERE [http-nio-9999-exec-1] org.apache.catalina.core.StandardWrapperValve.invoke Servlet.service() for servlet [AdminRouter] in context with path [] threw exception [jakarta.el.PropertyNotFoundException: Property [avatar_url] not found on type [model.Users]] with root cause
	jakarta.el.PropertyNotFoundException: Property [avatar_url] not found on type [model.Users]
		at jakarta.el.BeanELResolver$BeanProperties.get(BeanELResolver.java:261)
		at jakarta.el.BeanELResolver.property(BeanELResolver.java:330)
		at jakarta.el.BeanELResolver.getValue(BeanELResolver.java:99)
		at org.apache.jasper.el.JasperELResolver.getValue(JasperELResolver.java:128)
		at org.apache.el.parser.AstValue.getValue(AstValue.java:164)
		at org.apache.el.ValueExpressionImpl.getValue(ValueExpressionImpl.java:152)
		at org.apache.jasper.runtime.PageContextImpl.proprietaryEvaluate(PageContextImpl.java:674)
		at org.apache.jsp.WEB_002dINF.views.Admin.pages.users_jsp._jspx_meth_c_005fif_005f0(users_jsp.java:731)
		at org.apache.jsp.WEB_002dINF.views.Admin.pages.users_jsp._jspx_meth_c_005fforEach_005f0(users_jsp.java:672)
		at org.apache.jsp.WEB_002dINF.views.Admin.pages.users_jsp._jspService(users_jsp.java:296)
		at org.apache.jasper.runtime.HttpJspBase.service(HttpJspBase.java:64)
		at jakarta.servlet.http.HttpServlet.service(HttpServlet.java:658)
		at org.apache.jasper.servlet.JspServletWrapper.service(JspServletWrapper.java:434)
		at org.apache.jasper.servlet.JspServlet.serviceJspFile(JspServlet.java:355)
		at org.apache.jasper.servlet.JspServlet.service(JspServlet.java:306)
		at jakarta.servlet.http.HttpServlet.service(HttpServlet.java:658)
		at org.apache.catalina.core.ApplicationFilterChain.internalDoFilter(ApplicationFilterChain.java:193)
		at org.apache.catalina.core.ApplicationFilterChain.doFilter(ApplicationFilterChain.java:138)
		at org.apache.catalina.core.ApplicationDispatcher.invoke(ApplicationDispatcher.java:610)
		at org.apache.catalina.core.ApplicationDispatcher.doInclude(ApplicationDispatcher.java:489)
		at org.apache.catalina.core.ApplicationDispatcher.include(ApplicationDispatcher.java:437)
		at org.apache.jasper.runtime.JspRuntimeLibrary.include(JspRuntimeLibrary.java:902)
		at org.apache.jsp.WEB_002dINF.views.Admin._005flayout_jsp._jspService(_005flayout_jsp.java:246)
		at org.apache.jasper.runtime.HttpJspBase.service(HttpJspBase.java:64)
		at jakarta.servlet.http.HttpServlet.service(HttpServlet.java:658)
		at org.apache.jasper.servlet.JspServletWrapper.service(JspServletWrapper.java:434)
		at org.apache.jasper.servlet.JspServlet.serviceJspFile(JspServlet.java:355)
		at org.apache.jasper.servlet.JspServlet.service(JspServlet.java:306)
		at jakarta.servlet.http.HttpServlet.service(HttpServlet.java:658)
		at org.apache.catalina.core.ApplicationFilterChain.internalDoFilter(ApplicationFilterChain.java:193)
		at org.apache.catalina.core.ApplicationFilterChain.doFilter(ApplicationFilterChain.java:138)
		at org.apache.tomcat.websocket.server.WsFilter.doFilter(WsFilter.java:51)
		at org.apache.catalina.core.ApplicationFilterChain.internalDoFilter(ApplicationFilterChain.java:162)
		at org.apache.catalina.core.ApplicationFilterChain.doFilter(ApplicationFilterChain.java:138)
		at org.apache.catalina.core.ApplicationDispatcher.invoke(ApplicationDispatcher.java:610)
		at org.apache.catalina.core.ApplicationDispatcher.processRequest(ApplicationDispatcher.java:392)
		at org.apache.catalina.core.ApplicationDispatcher.doForward(ApplicationDispatcher.java:321)
		at org.apache.catalina.core.ApplicationDispatcher.forward(ApplicationDispatcher.java:266)
		at admin.AdminViewServlet.handleUsers(AdminViewServlet.java:375)
		at admin.AdminViewServlet.doGet(AdminViewServlet.java:294)
		at jakarta.servlet.http.HttpServlet.service(HttpServlet.java:564)
		at jakarta.servlet.http.HttpServlet.service(HttpServlet.java:658)
		at org.apache.catalina.core.ApplicationFilterChain.internalDoFilter(ApplicationFilterChain.java:193)
		at org.apache.catalina.core.ApplicationFilterChain.doFilter(ApplicationFilterChain.java:138)
		at org.apache.tomcat.websocket.server.WsFilter.doFilter(WsFilter.java:51)
		at org.apache.catalina.core.ApplicationFilterChain.internalDoFilter(ApplicationFilterChain.java:162)
		at org.apache.catalina.core.ApplicationFilterChain.doFilter(ApplicationFilterChain.java:138)
		at filter.RememberMeFilter.doFilter(RememberMeFilter.java:53)
		at jakarta.servlet.http.HttpFilter.doFilter(HttpFilter.java:53)
		at org.apache.catalina.core.ApplicationFilterChain.internalDoFilter(ApplicationFilterChain.java:162)
		at org.apache.catalina.core.ApplicationFilterChain.doFilter(ApplicationFilterChain.java:138)
		at org.apache.catalina.core.StandardWrapperValve.invoke(StandardWrapperValve.java:165)
		at org.apache.catalina.core.StandardContextValve.invoke(StandardContextValve.java:88)
		at org.apache.catalina.authenticator.AuthenticatorBase.invoke(AuthenticatorBase.java:482)
		at org.apache.catalina.core.StandardHostValve.invoke(StandardHostValve.java:113)
		at org.apache.catalina.valves.ErrorReportValve.invoke(ErrorReportValve.java:90)
		at org.apache.catalina.valves.AbstractAccessLogValve.invoke(AbstractAccessLogValve.java:664)
		at org.apache.catalina.core.StandardEngineValve.invoke(StandardEngineValve.java:72)
		at org.apache.catalina.connector.CoyoteAdapter.service(CoyoteAdapter.java:342)
		at org.apache.coyote.http11.Http11Processor.service(Http11Processor.java:399)
		at org.apache.coyote.AbstractProcessorLight.process(AbstractProcessorLight.java:63)
		at org.apache.coyote.AbstractProtocol$ConnectionHandler.process(AbstractProtocol.java:903)
		at org.apache.tomcat.util.net.NioEndpoint$SocketProcessor.doRun(NioEndpoint.java:1776)
		at org.apache.tomcat.util.net.SocketProcessorBase.run(SocketProcessorBase.java:52)
		at org.apache.tomcat.util.threads.ThreadPoolExecutor.runWorker(ThreadPoolExecutor.java:975)
		at org.apache.tomcat.util.threads.ThreadPoolExecutor$Worker.run(ThreadPoolExecutor.java:493)
		at org.apache.tomcat.util.threads.TaskThread$WrappingRunnable.run(TaskThread.java:63)
		at java.base/java.lang.Thread.run(Thread.java:842)
06-Nov-2025 17:41:06.969 SEVERE [http-nio-9999-exec-5] org.apache.catalina.core.ApplicationDispatcher.invoke Servlet.service() for servlet [jsp] threw exception
	jakarta.el.PropertyNotFoundException: Property [avatar_url] not found on type [model.Users]
		at jakarta.el.BeanELResolver$BeanProperties.get(BeanELResolver.java:261)
		at jakarta.el.BeanELResolver.property(BeanELResolver.java:330)
		at jakarta.el.BeanELResolver.getValue(BeanELResolver.java:99)
		at org.apache.jasper.el.JasperELResolver.getValue(JasperELResolver.java:128)
		at org.apache.el.parser.AstValue.getValue(AstValue.java:164)
		at org.apache.el.ValueExpressionImpl.getValue(ValueExpressionImpl.java:152)
		at org.apache.jasper.runtime.PageContextImpl.proprietaryEvaluate(PageContextImpl.java:674)
		at org.apache.jsp.WEB_002dINF.views.Admin.pages.users_jsp._jspx_meth_c_005fif_005f0(users_jsp.java:731)
		at org.apache.jsp.WEB_002dINF.views.Admin.pages.users_jsp._jspx_meth_c_005fforEach_005f0(users_jsp.java:672)
		at org.apache.jsp.WEB_002dINF.views.Admin.pages.users_jsp._jspService(users_jsp.java:296)
		at org.apache.jasper.runtime.HttpJspBase.service(HttpJspBase.java:64)
		at jakarta.servlet.http.HttpServlet.service(HttpServlet.java:658)
		at org.apache.jasper.servlet.JspServletWrapper.service(JspServletWrapper.java:434)
		at org.apache.jasper.servlet.JspServlet.serviceJspFile(JspServlet.java:355)
		at org.apache.jasper.servlet.JspServlet.service(JspServlet.java:306)
		at jakarta.servlet.http.HttpServlet.service(HttpServlet.java:658)
		at org.apache.catalina.core.ApplicationFilterChain.internalDoFilter(ApplicationFilterChain.java:193)
		at org.apache.catalina.core.ApplicationFilterChain.doFilter(ApplicationFilterChain.java:138)
		at org.apache.catalina.core.ApplicationDispatcher.invoke(ApplicationDispatcher.java:610)
		at org.apache.catalina.core.ApplicationDispatcher.doInclude(ApplicationDispatcher.java:489)
		at org.apache.catalina.core.ApplicationDispatcher.include(ApplicationDispatcher.java:437)
		at org.apache.jasper.runtime.JspRuntimeLibrary.include(JspRuntimeLibrary.java:902)
		at org.apache.jsp.WEB_002dINF.views.Admin._005flayout_jsp._jspService(_005flayout_jsp.java:246)
		at org.apache.jasper.runtime.HttpJspBase.service(HttpJspBase.java:64)
		at jakarta.servlet.http.HttpServlet.service(HttpServlet.java:658)
		at org.apache.jasper.servlet.JspServletWrapper.service(JspServletWrapper.java:434)
		at org.apache.jasper.servlet.JspServlet.serviceJspFile(JspServlet.java:355)
		at org.apache.jasper.servlet.JspServlet.service(JspServlet.java:306)
		at jakarta.servlet.http.HttpServlet.service(HttpServlet.java:658)
		at org.apache.catalina.core.ApplicationFilterChain.internalDoFilter(ApplicationFilterChain.java:193)
		at org.apache.catalina.core.ApplicationFilterChain.doFilter(ApplicationFilterChain.java:138)
		at org.apache.tomcat.websocket.server.WsFilter.doFilter(WsFilter.java:51)
		at org.apache.catalina.core.ApplicationFilterChain.internalDoFilter(ApplicationFilterChain.java:162)
		at org.apache.catalina.core.ApplicationFilterChain.doFilter(ApplicationFilterChain.java:138)
		at org.apache.catalina.core.ApplicationDispatcher.invoke(ApplicationDispatcher.java:610)
		at org.apache.catalina.core.ApplicationDispatcher.processRequest(ApplicationDispatcher.java:392)
		at org.apache.catalina.core.ApplicationDispatcher.doForward(ApplicationDispatcher.java:321)
		at org.apache.catalina.core.ApplicationDispatcher.forward(ApplicationDispatcher.java:266)
		at admin.AdminViewServlet.handleUsers(AdminViewServlet.java:375)
		at admin.AdminViewServlet.doGet(AdminViewServlet.java:294)
		at jakarta.servlet.http.HttpServlet.service(HttpServlet.java:564)
		at jakarta.servlet.http.HttpServlet.service(HttpServlet.java:658)
		at org.apache.catalina.core.ApplicationFilterChain.internalDoFilter(ApplicationFilterChain.java:193)
		at org.apache.catalina.core.ApplicationFilterChain.doFilter(ApplicationFilterChain.java:138)
		at org.apache.tomcat.websocket.server.WsFilter.doFilter(WsFilter.java:51)
		at org.apache.catalina.core.ApplicationFilterChain.internalDoFilter(ApplicationFilterChain.java:162)
		at org.apache.catalina.core.ApplicationFilterChain.doFilter(ApplicationFilterChain.java:138)
		at filter.RememberMeFilter.doFilter(RememberMeFilter.java:53)
		at jakarta.servlet.http.HttpFilter.doFilter(HttpFilter.java:53)
		at org.apache.catalina.core.ApplicationFilterChain.internalDoFilter(ApplicationFilterChain.java:162)
		at org.apache.catalina.core.ApplicationFilterChain.doFilter(ApplicationFilterChain.java:138)
		at org.apache.catalina.core.StandardWrapperValve.invoke(StandardWrapperValve.java:165)
		at org.apache.catalina.core.StandardContextValve.invoke(StandardContextValve.java:88)
		at org.apache.catalina.authenticator.AuthenticatorBase.invoke(AuthenticatorBase.java:482)
		at org.apache.catalina.core.StandardHostValve.invoke(StandardHostValve.java:113)
		at org.apache.catalina.valves.ErrorReportValve.invoke(ErrorReportValve.java:90)
		at org.apache.catalina.valves.AbstractAccessLogValve.invoke(AbstractAccessLogValve.java:664)
		at org.apache.catalina.core.StandardEngineValve.invoke(StandardEngineValve.java:72)
		at org.apache.catalina.connector.CoyoteAdapter.service(CoyoteAdapter.java:342)
		at org.apache.coyote.http11.Http11Processor.service(Http11Processor.java:399)
		at org.apache.coyote.AbstractProcessorLight.process(AbstractProcessorLight.java:63)
		at org.apache.coyote.AbstractProtocol$ConnectionHandler.process(AbstractProtocol.java:903)
		at org.apache.tomcat.util.net.NioEndpoint$SocketProcessor.doRun(NioEndpoint.java:1776)
		at org.apache.tomcat.util.net.SocketProcessorBase.run(SocketProcessorBase.java:52)
		at org.apache.tomcat.util.threads.ThreadPoolExecutor.runWorker(ThreadPoolExecutor.java:975)
		at org.apache.tomcat.util.threads.ThreadPoolExecutor$Worker.run(ThreadPoolExecutor.java:493)
		at org.apache.tomcat.util.threads.TaskThread$WrappingRunnable.run(TaskThread.java:63)
		at java.base/java.lang.Thread.run(Thread.java:842)
06-Nov-2025 17:41:06.971 SEVERE [http-nio-9999-exec-5] org.apache.catalina.core.ApplicationDispatcher.invoke Servlet.service() for servlet [jsp] threw exception
	jakarta.el.PropertyNotFoundException: Property [avatar_url] not found on type [model.Users]
		at jakarta.el.BeanELResolver$BeanProperties.get(BeanELResolver.java:261)
		at jakarta.el.BeanELResolver.property(BeanELResolver.java:330)
		at jakarta.el.BeanELResolver.getValue(BeanELResolver.java:99)
		at org.apache.jasper.el.JasperELResolver.getValue(JasperELResolver.java:128)
		at org.apache.el.parser.AstValue.getValue(AstValue.java:164)
		at org.apache.el.ValueExpressionImpl.getValue(ValueExpressionImpl.java:152)
		at org.apache.jasper.runtime.PageContextImpl.proprietaryEvaluate(PageContextImpl.java:674)
		at org.apache.jsp.WEB_002dINF.views.Admin.pages.users_jsp._jspx_meth_c_005fif_005f0(users_jsp.java:731)
		at org.apache.jsp.WEB_002dINF.views.Admin.pages.users_jsp._jspx_meth_c_005fforEach_005f0(users_jsp.java:672)
		at org.apache.jsp.WEB_002dINF.views.Admin.pages.users_jsp._jspService(users_jsp.java:296)
		at org.apache.jasper.runtime.HttpJspBase.service(HttpJspBase.java:64)
		at jakarta.servlet.http.HttpServlet.service(HttpServlet.java:658)
		at org.apache.jasper.servlet.JspServletWrapper.service(JspServletWrapper.java:434)
		at org.apache.jasper.servlet.JspServlet.serviceJspFile(JspServlet.java:355)
		at org.apache.jasper.servlet.JspServlet.service(JspServlet.java:306)
		at jakarta.servlet.http.HttpServlet.service(HttpServlet.java:658)
		at org.apache.catalina.core.ApplicationFilterChain.internalDoFilter(ApplicationFilterChain.java:193)
		at org.apache.catalina.core.ApplicationFilterChain.doFilter(ApplicationFilterChain.java:138)
		at org.apache.catalina.core.ApplicationDispatcher.invoke(ApplicationDispatcher.java:610)
		at org.apache.catalina.core.ApplicationDispatcher.doInclude(ApplicationDispatcher.java:489)
		at org.apache.catalina.core.ApplicationDispatcher.include(ApplicationDispatcher.java:437)
		at org.apache.jasper.runtime.JspRuntimeLibrary.include(JspRuntimeLibrary.java:902)
		at org.apache.jsp.WEB_002dINF.views.Admin._005flayout_jsp._jspService(_005flayout_jsp.java:246)
		at org.apache.jasper.runtime.HttpJspBase.service(HttpJspBase.java:64)
		at jakarta.servlet.http.HttpServlet.service(HttpServlet.java:658)
		at org.apache.jasper.servlet.JspServletWrapper.service(JspServletWrapper.java:434)
		at org.apache.jasper.servlet.JspServlet.serviceJspFile(JspServlet.java:355)
		at org.apache.jasper.servlet.JspServlet.service(JspServlet.java:306)
		at jakarta.servlet.http.HttpServlet.service(HttpServlet.java:658)
		at org.apache.catalina.core.ApplicationFilterChain.internalDoFilter(ApplicationFilterChain.java:193)
		at org.apache.catalina.core.ApplicationFilterChain.doFilter(ApplicationFilterChain.java:138)
		at org.apache.tomcat.websocket.server.WsFilter.doFilter(WsFilter.java:51)
		at org.apache.catalina.core.ApplicationFilterChain.internalDoFilter(ApplicationFilterChain.java:162)
		at org.apache.catalina.core.ApplicationFilterChain.doFilter(ApplicationFilterChain.java:138)
		at org.apache.catalina.core.ApplicationDispatcher.invoke(ApplicationDispatcher.java:610)
		at org.apache.catalina.core.ApplicationDispatcher.processRequest(ApplicationDispatcher.java:392)
		at org.apache.catalina.core.ApplicationDispatcher.doForward(ApplicationDispatcher.java:321)
		at org.apache.catalina.core.ApplicationDispatcher.forward(ApplicationDispatcher.java:266)
		at admin.AdminViewServlet.handleUsers(AdminViewServlet.java:375)
		at admin.AdminViewServlet.doGet(AdminViewServlet.java:294)
		at jakarta.servlet.http.HttpServlet.service(HttpServlet.java:564)
		at jakarta.servlet.http.HttpServlet.service(HttpServlet.java:658)
		at org.apache.catalina.core.ApplicationFilterChain.internalDoFilter(ApplicationFilterChain.java:193)
		at org.apache.catalina.core.ApplicationFilterChain.doFilter(ApplicationFilterChain.java:138)
		at org.apache.tomcat.websocket.server.WsFilter.doFilter(WsFilter.java:51)
		at org.apache.catalina.core.ApplicationFilterChain.internalDoFilter(ApplicationFilterChain.java:162)
		at org.apache.catalina.core.ApplicationFilterChain.doFilter(ApplicationFilterChain.java:138)
		at filter.RememberMeFilter.doFilter(RememberMeFilter.java:53)
		at jakarta.servlet.http.HttpFilter.doFilter(HttpFilter.java:53)
		at org.apache.catalina.core.ApplicationFilterChain.internalDoFilter(ApplicationFilterChain.java:162)
		at org.apache.catalina.core.ApplicationFilterChain.doFilter(ApplicationFilterChain.java:138)
		at org.apache.catalina.core.StandardWrapperValve.invoke(StandardWrapperValve.java:165)
		at org.apache.catalina.core.StandardContextValve.invoke(StandardContextValve.java:88)
		at org.apache.catalina.authenticator.AuthenticatorBase.invoke(AuthenticatorBase.java:482)
		at org.apache.catalina.core.StandardHostValve.invoke(StandardHostValve.java:113)
		at org.apache.catalina.valves.ErrorReportValve.invoke(ErrorReportValve.java:90)
		at org.apache.catalina.valves.AbstractAccessLogValve.invoke(AbstractAccessLogValve.java:664)
		at org.apache.catalina.core.StandardEngineValve.invoke(StandardEngineValve.java:72)
		at org.apache.catalina.connector.CoyoteAdapter.service(CoyoteAdapter.java:342)
		at org.apache.coyote.http11.Http11Processor.service(Http11Processor.java:399)
		at org.apache.coyote.AbstractProcessorLight.process(AbstractProcessorLight.java:63)
		at org.apache.coyote.AbstractProtocol$ConnectionHandler.process(AbstractProtocol.java:903)
		at org.apache.tomcat.util.net.NioEndpoint$SocketProcessor.doRun(NioEndpoint.java:1776)
		at org.apache.tomcat.util.net.SocketProcessorBase.run(SocketProcessorBase.java:52)
		at org.apache.tomcat.util.threads.ThreadPoolExecutor.runWorker(ThreadPoolExecutor.java:975)
		at org.apache.tomcat.util.threads.ThreadPoolExecutor$Worker.run(ThreadPoolExecutor.java:493)
		at org.apache.tomcat.util.threads.TaskThread$WrappingRunnable.run(TaskThread.java:63)
		at java.base/java.lang.Thread.run(Thread.java:842)
06-Nov-2025 17:41:06.971 SEVERE [http-nio-9999-exec-5] org.apache.catalina.core.StandardWrapperValve.invoke Servlet.service() for servlet [AdminRouter] in context with path [] threw exception [jakarta.el.PropertyNotFoundException: Property [avatar_url] not found on type [model.Users]] with root cause
	jakarta.el.PropertyNotFoundException: Property [avatar_url] not found on type [model.Users]
		at jakarta.el.BeanELResolver$BeanProperties.get(BeanELResolver.java:261)
		at jakarta.el.BeanELResolver.property(BeanELResolver.java:330)
		at jakarta.el.BeanELResolver.getValue(BeanELResolver.java:99)
		at org.apache.jasper.el.JasperELResolver.getValue(JasperELResolver.java:128)
		at org.apache.el.parser.AstValue.getValue(AstValue.java:164)
		at org.apache.el.ValueExpressionImpl.getValue(ValueExpressionImpl.java:152)
		at org.apache.jasper.runtime.PageContextImpl.proprietaryEvaluate(PageContextImpl.java:674)
		at org.apache.jsp.WEB_002dINF.views.Admin.pages.users_jsp._jspx_meth_c_005fif_005f0(users_jsp.java:731)
		at org.apache.jsp.WEB_002dINF.views.Admin.pages.users_jsp._jspx_meth_c_005fforEach_005f0(users_jsp.java:672)
		at org.apache.jsp.WEB_002dINF.views.Admin.pages.users_jsp._jspService(users_jsp.java:296)
		at org.apache.jasper.runtime.HttpJspBase.service(HttpJspBase.java:64)
		at jakarta.servlet.http.HttpServlet.service(HttpServlet.java:658)
		at org.apache.jasper.servlet.JspServletWrapper.service(JspServletWrapper.java:434)
		at org.apache.jasper.servlet.JspServlet.serviceJspFile(JspServlet.java:355)
		at org.apache.jasper.servlet.JspServlet.service(JspServlet.java:306)
		at jakarta.servlet.http.HttpServlet.service(HttpServlet.java:658)
		at org.apache.catalina.core.ApplicationFilterChain.internalDoFilter(ApplicationFilterChain.java:193)
		at org.apache.catalina.core.ApplicationFilterChain.doFilter(ApplicationFilterChain.java:138)
		at org.apache.catalina.core.ApplicationDispatcher.invoke(ApplicationDispatcher.java:610)
		at org.apache.catalina.core.ApplicationDispatcher.doInclude(ApplicationDispatcher.java:489)
		at org.apache.catalina.core.ApplicationDispatcher.include(ApplicationDispatcher.java:437)
		at org.apache.jasper.runtime.JspRuntimeLibrary.include(JspRuntimeLibrary.java:902)
		at org.apache.jsp.WEB_002dINF.views.Admin._005flayout_jsp._jspService(_005flayout_jsp.java:246)
		at org.apache.jasper.runtime.HttpJspBase.service(HttpJspBase.java:64)
		at jakarta.servlet.http.HttpServlet.service(HttpServlet.java:658)
		at org.apache.jasper.servlet.JspServletWrapper.service(JspServletWrapper.java:434)
		at org.apache.jasper.servlet.JspServlet.serviceJspFile(JspServlet.java:355)
		at org.apache.jasper.servlet.JspServlet.service(JspServlet.java:306)
		at jakarta.servlet.http.HttpServlet.service(HttpServlet.java:658)
		at org.apache.catalina.core.ApplicationFilterChain.internalDoFilter(ApplicationFilterChain.java:193)
		at org.apache.catalina.core.ApplicationFilterChain.doFilter(ApplicationFilterChain.java:138)
		at org.apache.tomcat.websocket.server.WsFilter.doFilter(WsFilter.java:51)
		at org.apache.catalina.core.ApplicationFilterChain.internalDoFilter(ApplicationFilterChain.java:162)
		at org.apache.catalina.core.ApplicationFilterChain.doFilter(ApplicationFilterChain.java:138)
		at org.apache.catalina.core.ApplicationDispatcher.invoke(ApplicationDispatcher.java:610)
		at org.apache.catalina.core.ApplicationDispatcher.processRequest(ApplicationDispatcher.java:392)
		at org.apache.catalina.core.ApplicationDispatcher.doForward(ApplicationDispatcher.java:321)
		at org.apache.catalina.core.ApplicationDispatcher.forward(ApplicationDispatcher.java:266)
		at admin.AdminViewServlet.handleUsers(AdminViewServlet.java:375)
		at admin.AdminViewServlet.doGet(AdminViewServlet.java:294)
		at jakarta.servlet.http.HttpServlet.service(HttpServlet.java:564)
		at jakarta.servlet.http.HttpServlet.service(HttpServlet.java:658)
		at org.apache.catalina.core.ApplicationFilterChain.internalDoFilter(ApplicationFilterChain.java:193)
		at org.apache.catalina.core.ApplicationFilterChain.doFilter(ApplicationFilterChain.java:138)
		at org.apache.tomcat.websocket.server.WsFilter.doFilter(WsFilter.java:51)
		at org.apache.catalina.core.ApplicationFilterChain.internalDoFilter(ApplicationFilterChain.java:162)
		at org.apache.catalina.core.ApplicationFilterChain.doFilter(ApplicationFilterChain.java:138)
		at filter.RememberMeFilter.doFilter(RememberMeFilter.java:53)
		at jakarta.servlet.http.HttpFilter.doFilter(HttpFilter.java:53)
		at org.apache.catalina.core.ApplicationFilterChain.internalDoFilter(ApplicationFilterChain.java:162)
		at org.apache.catalina.core.ApplicationFilterChain.doFilter(ApplicationFilterChain.java:138)
		at org.apache.catalina.core.StandardWrapperValve.invoke(StandardWrapperValve.java:165)
		at org.apache.catalina.core.StandardContextValve.invoke(StandardContextValve.java:88)
		at org.apache.catalina.authenticator.AuthenticatorBase.invoke(AuthenticatorBase.java:482)
		at org.apache.catalina.core.StandardHostValve.invoke(StandardHostValve.java:113)
		at org.apache.catalina.valves.ErrorReportValve.invoke(ErrorReportValve.java:90)
		at org.apache.catalina.valves.AbstractAccessLogValve.invoke(AbstractAccessLogValve.java:664)
		at org.apache.catalina.core.StandardEngineValve.invoke(StandardEngineValve.java:72)
		at org.apache.catalina.connector.CoyoteAdapter.service(CoyoteAdapter.java:342)
		at org.apache.coyote.http11.Http11Processor.service(Http11Processor.java:399)
		at org.apache.coyote.AbstractProcessorLight.process(AbstractProcessorLight.java:63)
		at org.apache.coyote.AbstractProtocol$ConnectionHandler.process(AbstractProtocol.java:903)
		at org.apache.tomcat.util.net.NioEndpoint$SocketProcessor.doRun(NioEndpoint.java:1776)
		at org.apache.tomcat.util.net.SocketProcessorBase.run(SocketProcessorBase.java:52)
		at org.apache.tomcat.util.threads.ThreadPoolExecutor.runWorker(ThreadPoolExecutor.java:975)
		at org.apache.tomcat.util.threads.ThreadPoolExecutor$Worker.run(ThreadPoolExecutor.java:493)
		at org.apache.tomcat.util.threads.TaskThread$WrappingRunnable.run(TaskThread.java:63)
		at java.base/java.lang.Thread.run(Thread.java:842)
